Using pre-set license
Built from '2022.3/respin/2022.3.62f2-4af31df585-v2' branch; Version is '2022.3.62f3 (96770f904ca7) revision 9860879'; Using compiler version '192829333'; Build Type 'Release'
OS: 'Windows 11  (10.0.26200) 64bit Professional' Language: 'en' Physical Memory: 32381 MB
BatchMode: 1, IsHumanControllingUs: 0, StartBugReporterOnCrash: 0, Is64bit: 1, IsPro: 1

COMMAND LINE ARGUMENTS:
C:\Program Files\Unity\Hub\Editor\2022.3.62f3\Editor\Unity.exe
-adb2
-batchMode
-noUpm
-name
AssetImportWorker4
-projectPath
E:/Unity/Maghzineh/ReactionGameGit
-logFile
Logs/AssetImportWorker4.log
-srvPort
11212
Successfully changed project path to: E:/Unity/Maghzineh/ReactionGameGit
E:/Unity/Maghzineh/ReactionGameGit
[UnityMemory] Configuration Parameters - Can be set up in boot.config
    "memorysetup-bucket-allocator-granularity=16"
    "memorysetup-bucket-allocator-bucket-count=8"
    "memorysetup-bucket-allocator-block-size=33554432"
    "memorysetup-bucket-allocator-block-count=8"
    "memorysetup-main-allocator-block-size=16777216"
    "memorysetup-thread-allocator-block-size=16777216"
    "memorysetup-gfx-main-allocator-block-size=16777216"
    "memorysetup-gfx-thread-allocator-block-size=16777216"
    "memorysetup-cache-allocator-block-size=4194304"
    "memorysetup-typetree-allocator-block-size=2097152"
    "memorysetup-profiler-bucket-allocator-granularity=16"
    "memorysetup-profiler-bucket-allocator-bucket-count=8"
    "memorysetup-profiler-bucket-allocator-block-size=33554432"
    "memorysetup-profiler-bucket-allocator-block-count=8"
    "memorysetup-profiler-allocator-block-size=16777216"
    "memorysetup-profiler-editor-allocator-block-size=1048576"
    "memorysetup-temp-allocator-size-main=16777216"
    "memorysetup-job-temp-allocator-block-size=2097152"
    "memorysetup-job-temp-allocator-block-size-background=1048576"
    "memorysetup-job-temp-allocator-reduction-small-platforms=262144"
    "memorysetup-allocator-temp-initial-block-size-main=262144"
    "memorysetup-allocator-temp-initial-block-size-worker=262144"
    "memorysetup-temp-allocator-size-background-worker=32768"
    "memorysetup-temp-allocator-size-job-worker=262144"
    "memorysetup-temp-allocator-size-preload-manager=33554432"
    "memorysetup-temp-allocator-size-nav-mesh-worker=65536"
    "memorysetup-temp-allocator-size-audio-worker=65536"
    "memorysetup-temp-allocator-size-cloud-worker=32768"
    "memorysetup-temp-allocator-size-gi-baking-worker=262144"
    "memorysetup-temp-allocator-size-gfx=262144"
Player connection [40760]  Target information:

Player connection [40760]  * "[IP] 172.27.144.1 [Port] 0 [Flags] 2 [Guid] 1754571512 [EditorId] 1754571512 [Version] 1048832 [Id] WindowsEditor(7,MetaMadness) [Debug] 1 [PackageName] WindowsEditor [ProjectName] Editor" 

Player connection [40760]  * "[IP] 172.23.192.1 [Port] 0 [Flags] 2 [Guid] 1754571512 [EditorId] 1754571512 [Version] 1048832 [Id] WindowsEditor(7,MetaMadness) [Debug] 1 [PackageName] WindowsEditor [ProjectName] Editor" 

Player connection [40760]  * "[IP] 192.168.178.1 [Port] 0 [Flags] 2 [Guid] 1754571512 [EditorId] 1754571512 [Version] 1048832 [Id] WindowsEditor(7,MetaMadness) [Debug] 1 [PackageName] WindowsEditor [ProjectName] Editor" 

Player connection [40760]  * "[IP] 172.20.1.252 [Port] 0 [Flags] 2 [Guid] 1754571512 [EditorId] 1754571512 [Version] 1048832 [Id] WindowsEditor(7,MetaMadness) [Debug] 1 [PackageName] WindowsEditor [ProjectName] Editor" 

Player connection [40760] Host joined multi-casting on [225.0.0.222:54997]...
Player connection [40760] Host joined alternative multi-casting on [225.0.0.222:34997]...
Input System module state changed to: Initialized.
[PhysX] Initialized MultithreadedTaskDispatcher with 32 workers.
Refreshing native plugins compatible for Editor in 4.87 ms, found 3 plugins.
Preloading 0 native plugins for Editor in 0.00 ms.
Initialize engine version: 2022.3.62f3 (96770f904ca7)
[Subsystems] Discovering subsystems at path C:/Program Files/Unity/Hub/Editor/2022.3.62f3/Editor/Data/Resources/UnitySubsystems
[Subsystems] Discovering subsystems at path E:/Unity/Maghzineh/ReactionGameGit/Assets
GfxDevice: creating device client; threaded=0; jobified=0
Direct3D:
    Version:  Direct3D 11.0 [level 11.1]
    Renderer: NVIDIA GeForce RTX 4070 Laptop GPU (ID=0x2860)
    Vendor:   NVIDIA
    VRAM:     7948 MB
    Driver:   32.0.15.6614
Initialize mono
Mono path[0] = 'C:/Program Files/Unity/Hub/Editor/2022.3.62f3/Editor/Data/Managed'
Mono path[1] = 'C:/Program Files/Unity/Hub/Editor/2022.3.62f3/Editor/Data/MonoBleedingEdge/lib/mono/unityjit-win32'
Mono config path = 'C:/Program Files/Unity/Hub/Editor/2022.3.62f3/Editor/Data/MonoBleedingEdge/etc'
Using monoOptions --debugger-agent=transport=dt_socket,embedding=1,server=y,suspend=n,address=127.0.0.1:56112
Begin MonoManager ReloadAssembly
Registering precompiled unity dll's ...
Register platform support module: C:/Program Files/Unity/Hub/Editor/2022.3.62f3/Editor/Data/PlaybackEngines/WebGLSupport/UnityEditor.WebGL.Extensions.dll
Register platform support module: C:/Program Files/Unity/Hub/Editor/2022.3.62f3/Editor/Data/PlaybackEngines/AndroidPlayer/UnityEditor.Android.Extensions.dll
Register platform support module: C:/Program Files/Unity/Hub/Editor/2022.3.62f3/Editor/Data/PlaybackEngines/iOSSupport/UnityEditor.iOS.Extensions.dll
Register platform support module: C:/Program Files/Unity/Hub/Editor/2022.3.62f3/Editor/Data/PlaybackEngines/WindowsStandaloneSupport/UnityEditor.WindowsStandalone.Extensions.dll
Registered in 0.007473 seconds.
- Loaded All Assemblies, in  0.222 seconds
Native extension for WindowsStandalone target not found
[usbmuxd] Start listen thread
[usbmuxd] Listen thread started
Native extension for iOS target not found
Native extension for Android target not found
Android Extension - Scanning For ADB Devices 197 ms
Native extension for WebGL target not found
Mono: successfully reloaded assembly
- Finished resetting the current domain, in  0.391 seconds
Domain Reload Profiling: 612ms
	BeginReloadAssembly (67ms)
		ExecutionOrderSort (0ms)
		DisableScriptedObjects (0ms)
		BackupInstance (0ms)
		ReleaseScriptingObjects (0ms)
		CreateAndSetChildDomain (1ms)
	RebuildCommonClasses (20ms)
	RebuildNativeTypeToScriptingClass (6ms)
	initialDomainReloadingComplete (38ms)
	LoadAllAssembliesAndSetupDomain (90ms)
		LoadAssemblies (67ms)
		RebuildTransferFunctionScriptingTraits (0ms)
		AnalyzeDomain (88ms)
			TypeCache.Refresh (87ms)
				TypeCache.ScanAssembly (78ms)
			ScanForSourceGeneratedMonoScriptInfo (0ms)
			ResolveRequiredComponents (0ms)
	FinalizeReload (391ms)
		ReleaseScriptCaches (0ms)
		RebuildScriptCaches (0ms)
		SetupLoadedEditorAssemblies (364ms)
			LogAssemblyErrors (0ms)
			InitializePlatformSupportModulesInManaged (262ms)
			SetLoadedEditorAssemblies (3ms)
			RefreshPlugins (0ms)
			BeforeProcessingInitializeOnLoad (1ms)
			ProcessInitializeOnLoadAttributes (72ms)
			ProcessInitializeOnLoadMethodAttributes (25ms)
			AfterProcessingInitializeOnLoad (0ms)
			EditorAssembliesLoaded (0ms)
		ExecutionOrderSort2 (0ms)
		AwakeInstancesAfterBackupRestoration (0ms)
========================================================================
Worker process is ready to serve import requests
Caller must complete domain reload
Begin MonoManager ReloadAssembly
- Loaded All Assemblies, in  0.403 seconds
Native extension for WindowsStandalone target not found
Native extension for iOS target not found
Native extension for Android target not found
Native extension for WebGL target not found
Mono: successfully reloaded assembly
- Finished resetting the current domain, in  0.557 seconds
Domain Reload Profiling: 958ms
	BeginReloadAssembly (89ms)
		ExecutionOrderSort (0ms)
		DisableScriptedObjects (3ms)
		BackupInstance (0ms)
		ReleaseScriptingObjects (0ms)
		CreateAndSetChildDomain (13ms)
	RebuildCommonClasses (21ms)
	RebuildNativeTypeToScriptingClass (6ms)
	initialDomainReloadingComplete (20ms)
	LoadAllAssembliesAndSetupDomain (264ms)
		LoadAssemblies (226ms)
		RebuildTransferFunctionScriptingTraits (0ms)
		AnalyzeDomain (91ms)
			TypeCache.Refresh (80ms)
				TypeCache.ScanAssembly (67ms)
			ScanForSourceGeneratedMonoScriptInfo (9ms)
			ResolveRequiredComponents (2ms)
	FinalizeReload (558ms)
		ReleaseScriptCaches (0ms)
		RebuildScriptCaches (0ms)
		SetupLoadedEditorAssemblies (462ms)
			LogAssemblyErrors (0ms)
			InitializePlatformSupportModulesInManaged (19ms)
			SetLoadedEditorAssemblies (3ms)
			RefreshPlugins (0ms)
			BeforeProcessingInitializeOnLoad (48ms)
			ProcessInitializeOnLoadAttributes (365ms)
			ProcessInitializeOnLoadMethodAttributes (21ms)
			AfterProcessingInitializeOnLoad (5ms)
			EditorAssembliesLoaded (0ms)
		ExecutionOrderSort2 (0ms)
		AwakeInstancesAfterBackupRestoration (3ms)
Launched and connected shader compiler UnityShaderCompiler.exe after 0.03 seconds
Refreshing native plugins compatible for Editor in 1.71 ms, found 3 plugins.
Preloading 0 native plugins for Editor in 0.00 ms.
Unloading 2701 Unused Serialized files (Serialized files now loaded: 0)
Unloading 31 unused Assets / (56.0 KB). Loaded Objects now: 3186.
Memory consumption went from 126.7 MB to 126.7 MB.
Total: 3.132400 ms (FindLiveObjects: 0.137500 ms CreateObjectMapping: 0.038300 ms MarkObjects: 2.846000 ms  DeleteObjects: 0.109800 ms)

AssetImportParameters requested are different than current active one (requested -> active):
  custom:scripting/monoscript/fileName/IKManager2DEditor.cs: d0b602120cd9c56ad6cc1b97551a6c04 -> 24aac12a4a238aa85de0be77baee4746
  custom:video-decoder-webm-vp8: 9c59270c3fd7afecdb556c50c9e8de78 -> 
  custom:scripting/monoscript/fileName/Layer.cs: bd3b193083038e2e3c68baa1bc91525e -> e2e693fd921a7734e14e14f731dc351c
  custom:scripting/monoscript/fileName/ISpriteLibraryCategory.cs: 0055695495874cceebfa00cafe78f009 -> e32958e212698d23115836dd89135699
  custom:scripting/monoscript/fileName/NavMeshSurface.cs: 6ef652ad69ea88173bf35c557b9dddbd -> 34aebd278d8d3d5db6b23265b9c700f9
  custom:scripting/monoscript/fileName/AndroidLogcatVideoPlayer.cs: 64f32a213ea70852b5fffaa68b0a9425 -> 138f779bba37f053ae0ce30a60592fd3
  custom:scripting/monoscript/fileName/EditablePath.cs: b6c5767ec3991319eb9703b3cd57e277 -> d201b99b8f42a629011dff545c0755a1
  custom:scripting/monoscript/fileName/ScriptablePath.cs: 7533bda1957cae2a38f44d1f952a797b -> 1a1740dc7a8ed68b33f7230fb3f9c47a
  custom:scripting/monoscript/fileName/SpriteMeshView.cs: 3d5720da7fe3bc26d24b9dabc6521888 -> 2599f5e29ec6ee630fe3dfd4e2bdcb43
  custom:scripting/monoscript/fileName/RiderAssetPostprocessor.cs: e6ad4f374cd20986773f123ef82b628b -> e95044eb94149eee30f5192e36c02104
  custom:scripting/monoscript/fileName/AndroidLogcatTaskResult.cs: 02f922f6788701b6857b35e68a4c2545 -> bbe8f3e47789974a3230748544655998
  custom:scripting/monoscript/fileName/AndroidLogcatProcessInformation.cs: b9fecd988ff53630379fd8a2001dc179 -> b5f6f66fc271774e95892a96719b60e7
  custom:scripting/monoscript/fileName/SerializableVersion.cs: 37d1dc623e9e336a7d92f02239a5eea0 -> 66cf30c0372dc35aea960f71af56ff8a
  custom:scripting/monoscript/fileName/SpriteCacheExtensions.cs: ea08ce104701285b5f3a801cd102ebff -> a091cac6bf6bdfde1b13898fd7a4cb7f
  custom:scripting/monoscript/fileName/HelpUrls.cs: 2ab62bc7616e1f75bb9eaa819a355c35 -> c1a90585e3e9c9d25f58f9141655f24f
  custom:scripting/monoscript/fileName/EditorStyles.cs: 11ab1db9e92fdf6f91f7e4f8529bd1fd -> 86b9f4d8fe570a8d8295bfc466c975cf
  custom:scripting/monoscript/fileName/ScriptablePathInspector.cs: b41da99a603cbd79d9dffc1bbfe60a5f -> 556697531c68acaa2a60cd0753d1e34c
  custom:scripting/monoscript/fileName/RawLayerInfo.cs: f8c759e0db65a39c25c131f56a2629da -> e4feeef218a9c8b109f8365660e9d831
  custom:scripting/monoscript/fileName/SmoothingUtility.cs: b48c252a431ebaacbfce1b0ce0dabd3a -> bc6e307868e2198bc9c37d6f2102fdbe
  custom:scripting/monoscript/fileName/Spline.cs: 7fa2458e290adab4f1a736e406c9d6a3 -> bfb6b664d115242e38cbeac6db8aacfd
  custom:scripting/monoscript/fileName/TestsCallback.cs: 6648df980912e96eaae5c39374242936 -> 420027d2a6ccaf7376f849b0f965edcd
  custom:scripting/monoscript/fileName/BoneReparentTool.cs: 3f80981a49a1de9f218c372dec225b7f -> 1d726231b1503b728def43cb29f90ea3
  custom:scripting/monoscript/fileName/IconUtility.cs: a8ade5739fc52943d80275f40ca8369f -> cdc93398ac64b91386dd312e41d20f9f
  custom:scripting/monoscript/fileName/PSDImporterDataProvider.cs: 8a4800c0b3a13daa7186fbc827f0f7a5 -> 898bf7fa8b05e2860b5cffa8f53e68b1
  custom:scripting/monoscript/fileName/ProjectPart.cs: fa153b81a1be75d157e4b8a3e4771fc2 -> e09789f5d21ec839c23f3a2c8c340a5a
  custom:scripting/monoscript/fileName/Draggable.cs: c5105fceb037c335f619b8870579de5d -> e579ef42b25f9bce88b19cd535678422
  custom:scripting/monoscript/fileName/GenerateGeometryTool.cs: 0296388db859b19b563d298eeb9be2dd -> 5fa8cfcf79a9441afbc6ea0a14ecc21d
  custom:scripting/monoscript/fileName/RawImageResource.cs: 7e5e0298195de158713f11ffc599b672 -> 8344fbf24939640c84e3517a3d92a1a5
  custom:scripting/monoscript/fileName/BoundedBiharmonicWeightsGenerator.cs: c327a56448f9ac7d90f4380aec630394 -> b8847bf1ffb4fdd28a6aa1b4b218c7aa
  custom:scripting/monoscript/fileName/SolutionGuidGenerator.cs: fff5e43ac88ff72f14745857eb692caa -> 39a21c4f5e351b9b4a2916e800641a4a
  custom:scripting/monoscript/fileName/SkinningSerializerJSON.cs: c80a179512869ca5071a0891eac50492 -> 33dd3b42500672a06cce5da4c4d74ecb
  custom:scripting/monoscript/fileName/BufferManager.cs: feef528ab83681439018791ae34459fe -> 22c557c364cdf0f2698b2061dfa27246
  custom:scripting/monoscript/fileName/PSDSpriteEditorDataProvider.cs: 8f6297df34271fdb1ce2d9607ec6261d -> 90647cc400823b41df847a6cbfc29026
  custom:scripting/monoscript/fileName/MeshUtils.cs: 34be5c40bb3f67dbb2d4e7ce3cdf08dc -> 2a92fd72e03c92de609c26d9ce4ac8d3
  custom:scripting/monoscript/fileName/FabrikSolver2D.cs: 1b459dee663046769574800e71800355 -> 779710f21157ef6362fe288f4750cd32
  custom:scripting/monoscript/fileName/BoneEditor.cs: b5d8ae89ea8177d473eeb438c0e2d3ac -> 6f4135c91b6e2b3dbc1e6a0f93046e0d
  custom:scripting/monoscript/fileName/BezierUtility.cs: 7d0c94eb2417e819d938768e31e82b0c -> 59b334adddac4e356dfe401c493b09fb
  custom:scripting/monoscript/fileName/SplineUtility.cs: 49fb09cd914ead42db25a7ea91fa3ac9 -> 83a8106c3f9667d93d0e6a3e5de40f5b
  custom:scripting/monoscript/fileName/IKChain2D.cs: 420b7ff3ed38513599b4eee4ebc00cc2 -> d08ed72b5bab2bf265079128e1894ec2
  custom:scripting/monoscript/fileName/Drawer.cs: f2fec5f115456b21d41d391b46382b99 -> 7bef5f863feba6ff3e5d2d6eeca9d7ac
  custom:scripting/monoscript/fileName/DefaultPoseScope.cs: d03b59b4f7e43b0a98fe52533974c41f -> 853104454e2cbeae0db1980075dd3940
  custom:scripting/monoscript/fileName/GUIWrapper.cs: b4f3ae540f622ce1006b54eabb11a8ee -> fcb5f12047c8fb99d4d11da875f125c8
  custom:scripting/monoscript/fileName/CinemachinePixelPerfectEditor.cs: 595e5e89a9b43e20f50eeb3d33ee9e2a -> 0315f1327b5da71866f8c9031a48f0dd
  custom:scripting/monoscript/fileName/SpriteLibraryPropertyString.cs: 45fdb34f82104b793a7b323c4ed9af4c -> 05f2451acf836ba8a0ad549d8403c83b
  custom:scripting/monoscript/fileName/ButtonStripField.cs: e1893a1b475f6cb87dc85524cb63e564 -> 83516ab30a12fed959ffdbd9c61825a7
  custom:scripting/monoscript/fileName/IGUIState.cs: 8161b6c9de9f9b93445f6ef78fa2f006 -> 0b538961cc4361bfc6e9c42d79f4be93
  custom:scripting/monoscript/fileName/SpriteMeshDataController.cs: 25723a5da7cab08e63f3afb7ea685168 -> 99e2fe0a6bd87f68a4212f87d559f31d
  custom:scripting/monoscript/fileName/SpriteMeshData.cs: ca26323652c7835488756d7d2aabb646 -> ef8f64e97c3efc257dd660a15b17f675
  custom:scripting/monoscript/fileName/AndroidLogcatStyles.cs: 04ec3fff08fd523ca3f964fcfe43e15d -> 328901f7ff882ee0a8ba487644476bca
  custom:SearchIndexIgnoredProperties: e643bd26f0fe6173181afceb89e7c659 -> 
  custom:scripting/monoscript/fileName/WeightPainterPanel.cs: 9d24ba0ee49765ba9a4e6b1464117293 -> f7d4abcf993517dcc8eeb143f1214ab1
  custom:scripting/monoscript/fileName/ShapeExtensions.cs: 5fc56bdd8b9d8765c4518ecd0d57520b -> e09ad25f8df377cc5d4a1b1baf027ccb
  custom:scripting/monoscript/fileName/CategoriesTab.cs: d01c4ec6c2eb31672ed8a6cbcbab42e7 -> 77d49337e8bbb084e909ac8099610673
  custom:scripting/monoscript/fileName/MeshToolWrapper.cs: b87caf5cdcd1589662f610a11b449126 -> a66f21c0b5db3443b173f40e61b53332
  custom:scripting/monoscript/fileName/PathEditor.cs: 19ae9487e1752ea10e3d47f5e9c3dde2 -> d19fba6eb1147685f88676693fd8accf
  custom:scripting/monoscript/fileName/ISkinningSerializer.cs: 0078a0105c3f1940ab10dacfeae6289d -> 312cc7e53f43c9ef02f0be9c64bccec6
  custom:scripting/monoscript/fileName/AndroidLogcatAutoSelect.cs: 430bd3a42a8d2007a205b03da5e71dfe -> 5103793d3789638c2800eaa110ea8feb
  custom:scripting/monoscript/fileName/SpriteShapeDefaultCreator.cs: 660f7fef696139eaf0162f627f8753c9 -> 317d5aeddee6cb46c167880c8d8a9928
  custom:scripting/monoscript/fileName/AndroidLogcatProjectSettingsProvider.cs: e533fada96fe4f84923b37a2905a2969 -> 47e177b5b5659baeb4aabb6539781f33
  custom:scripting/monoscript/fileName/ResourceLoader.cs: fbe030503e624b8c9eb4766924acfd13 -> d31f8513cbe99dd5aa34d209b395f7d6
  custom:container-demuxer-ogg: 62fdf1f143b41e24485cea50d1cbac27 -> 
  custom:scripting/monoscript/fileName/NavMeshLinkEditor.cs: db5b506298670e15595eb17639342f60 -> aed8ae070d922149bb2ba3de06889ff6
  custom:AudioImporter_EditorPlatform: d09bf68614088b80899f8185d706f6e7 -> 
  custom:scripting/monoscript/fileName/SliderAction.cs: 9662a192768a285943d52266792c940b -> 9ad3895488ca37bf87aa1a6d7cc40ac8
  custom:scripting/monoscript/fileName/PathEditorTool.cs: 333a788fcc9b6183ddba75c462ee8a77 -> 35a415925f60f52efe8c7f50c4d9a3e7
  custom:scripting/monoscript/fileName/RiderMenu.cs: 2f14cf7eed9a2ad63962ab0ec2641b7b -> a430c0ff873704a92fbd3fa96f173c8d
  custom:scripting/monoscript/fileName/CharacterCache.cs: c5f527790e34ec50afdee98819bed9ef -> 803d84f187482c5af6f5829e4babfb54
  custom:scripting/monoscript/fileName/ISelectable.cs: fcc7eae87f95d438bcb8b3cfa64595d4 -> 5ebd0c6cdb82b8c435f72f1d3586bacc
  custom:scripting/monoscript/fileName/SkinningCache.cs: 60d9ce4059aa07914c2b6046175358f6 -> 284601830d8cb99f101d5e645929b5c5
  custom:scripting/monoscript/fileName/AndroidMemoryStatistics.cs: 2ce9cbcf39f824d1761dfcbeeb8f66d7 -> c8dd6364e4cc927fb91711356726b32b
  custom:scripting/monoscript/fileName/AndroidLogcatDeviceQuery.cs: 089420218261e531bbc84edf0b8634a6 -> 6f7671e49fb6d170e12421ae09b32274
  custom:scripting/monoscript/fileName/AndroidLogcatBuildInfo.cs: 3e80469b02992f102006708fdc5b45a4 -> d36174e1bb8933885ddb0c944c18c40e
  custom:scripting/monoscript/fileName/NavMeshModifier.cs: 9f2f9ac4a63518769861a9fe3fc49054 -> 99ae5ed91bb784edc4f8312d7de046da
  custom:scripting/monoscript/fileName/InfluenceWindow.cs: cdec08c3213e55213cfaf1666062054e -> d442073da3005f09e9e873d5156b55ef
  custom:scripting/monoscript/fileName/PlanarGraph.cs: cc2fe809865591a71639675129a84f0c -> c59f7dd015f8ceef78bc166eb0a5db46
  custom:scripting/monoscript/fileName/FabrikSolver2DEditor.cs: 9dc360af3f490b4b18b6d6876407ba9f -> 579b5a7e7cd9a9740e1b3a3a906d1cad
  custom:scripting/monoscript/fileName/PsdLoad.cs: 53e6714a0d7a91be9a5b03bb6db47ed8 -> ce4306097efd5a22cd603ce5f65e0ab5
  custom:scripting/monoscript/fileName/SpriteSkinUtility.cs: 61f0e2f4d3daa5bbe4923233754a2b6f -> 64adcba57ab413acc3f6a9fda257ce49
  custom:scripting/monoscript/fileName/EditorSpriteGUIUtility.cs: 16b6786f8b8d0cec2293f3a6cf1b6fcb -> 7329fddc6a5c8b530c69627a681294d9
  custom:scripting/monoscript/fileName/Thumbnail.cs: ad639d8dab7d1bf9dc1573a811dec9d9 -> 0017da7038028b91263e7b68663e8707
  custom:scripting/monoscript/fileName/IUndoObject.cs: 8eb920824be48210bdc0ec8d42c30a9c -> 0f9e4174d37736dd1a4fc26bc322f8d7
  custom:scripting/monoscript/fileName/PDNDecodeJob.cs: 97c6fb919c749acc3e15817057eb7dea -> d6fd0cb0e785e154d04616410ab097a3
  custom:scripting/monoscript/fileName/NavMeshModifierVolumeEditor.cs: 5dc38ce975f8531f0c32b6103abe4b3a -> 262a50135a116189426aa01c964a744c
  custom:scripting/monoscript/fileName/SpriteShapeGenerator.cs: 3a2c3ed0e51f8e3549104fd21c78df5f -> 523c4542b0e0fd5ec495161cd0ba9dae
  custom:scripting/monoscript/fileName/SkinningModule.cs: 4bddbda263e22c9f8155d3591fddf611 -> 7f94b633da47067742c60e5441345fe7
  custom:scripting/monoscript/fileName/AndroidLogcatUtilities.cs: cf520f39e335eb4c1fefa1cc109c3921 -> 1500ae31fd86aca5e0f2a28b63874e7e
  custom:scripting/monoscript/fileName/NativeArrayHelper.cs: 5fd357a5fc9a199ff98583796b00bc06 -> 6443bd550247a0056a96bfc79390727b
  custom:scripting/monoscript/fileName/ImageData.cs: a8b555ef2013aff02736dcedbf0f4fd3 -> 2b6bb230d33b4be858b0a2c385f7cfd4
  custom:scripting/monoscript/fileName/ImportColumn.cs: 9994a40e3989f50f84b7465f32f63513 -> 402effc1c3bc54b16505f96288f13a4b
  custom:scripting/monoscript/fileName/BoneSpriteInfluenceTool.cs: d7ea0e24574eeff3454e00e274edf595 -> 64e9b0a56cdb0e720b497eb8b949f8de
  custom:scripting/monoscript/fileName/AndroidLogcatDeviceSelection.cs: ca7529e0852a89cc4e21ee002c3b1cbc -> 9989bfa3f83e5b91c903cac5870d2f78
  custom:scripting/monoscript/fileName/ImageDecoderPdn.cs: 22aa4a16bb56f855eea51d685b995bcc -> b4253b32cdd3a32dd931c706dd2c67d5
  custom:scripting/monoscript/fileName/UnselectTool.cs: 8f6297df34271fdb1ce2d9607ec6261d -> 90647cc400823b41df847a6cbfc29026
  custom:scripting/monoscript/fileName/PSDImportData.cs: c50073b29b34a3be48c20b75670ef5cf -> f4c7db565e49930eb81121897b159551
  custom:scripting/monoscript/fileName/NavigationOverlay.cs: c5a44226873678a0cb60da52538c2f49 -> 2744f4e7946ebbb71339c9b1ce538d00
  custom:scripting/monoscript/fileName/AndroidLogcatRuntime.cs: 4afdae209d6cdaa6276fabc580530a4d -> c23ad602947592af8383d00a30ba13c2
  custom:scripting/monoscript/fileName/SkeletonAsset.cs: 5c9d66fda3b5f6911b0de20fea58af57 -> 25171848c5390564e3bb901d1407befd
  custom:scripting/monoscript/fileName/Rectangle.cs: 6b31e4ce1b5a7328ded9df49878584e8 -> 0ef2c606ffc323f90ab7f7fc0fbc3da4
  custom:scripting/monoscript/fileName/SpriteMeshController.cs: 34780568e8da990f767b068aff9631b1 -> 48b4700a77a9da939d39a54e0e7b6ee4
  custom:scripting/monoscript/fileName/LayerSectionInfo.cs: 2c670e82c783db00ec7f2cde75953cd6 -> 496070992731f9320450cc268bac91ff
  custom:scripting/monoscript/fileName/Surface.cs: decf82746e9959b26585947c08f04a32 -> a879b4467f64eff6a1ba349abadf4593
  custom:scripting/monoscript/fileName/SpriteShapeController.cs: de2b0fb738f5aa7ae7588428fd9ec105 -> 5ed527fe8d4002a2c1a6935d12e16c40
  custom:scripting/monoscript/fileName/MathUtility.cs: 4760400941b6da6965833ffd02084ac2 -> d5d4f1370afbe8381832059b9ccb336e
  custom:scripting/monoscript/fileName/AndroidLogcatSendTrimMemoryUsage.cs: 431da87964acb4afdb2a3954e6aa1322 -> 72622004c306f521f76f91b17419eab7
  custom:scripting/monoscript/fileName/Toolbar.cs: 4aa31cf8b95496171199d3742d502ddc -> a885dcc36fdcf651d9a93e50c6fd27ba
  custom:scripting/monoscript/fileName/ImageDataFactory.cs: bb980b9cede1a9845fbe8a7fe390ba16 -> 67b545ba1d80a2f8ff06a7857c9e68f4
  custom:scripting/monoscript/fileName/DisableUndoScope.cs: c8638deb689af33d039a96bc7c03770e -> bbb46fe524b580c95e10ab529bab4113
  custom:scripting/monoscript/fileName/AndroidLogcatExtraWindow.cs: 500ee3b02b80feb8dabdfebb09a3e908 -> d269ad1a2018b11553732e9b38bef9d4
  custom:scripting/monoscript/fileName/MeshCache.cs: 6c8dcfc3891db420535db23c44f8c005 -> e695199497e2e0e74f0fc6aaab307049
  custom:scripting/monoscript/fileName/SpriteSelector.cs: cf314e274f51c8b0ff95b9928f9efc7d -> 348695922ff1f27e689187721d2220ae
  custom:scripting/monoscript/fileName/TransformCacheExtensions.cs: d01b62eef671f3b297795ab9d94fa18d -> bc09fa53187bacf7356cf530d0f168a2
  custom:scripting/monoscript/fileName/CinemachinePixelPerfect.cs: 98a7fa69b1907b12f17616743ea4f9b1 -> d8eeccc3084a3215230031c76ddf563b
  custom:scripting/monoscript/fileName/SpriteCache.cs: 478f1cd399262a4c19fde03b5c668fdf -> 4911786b4f49fa11ef6cbe960e151a8c
  custom:scripting/monoscript/fileName/IKGizmos.cs: 0b54cc31832f2235e71269def4c3753e -> d3a959337fc32a8744fd5eb3ea903491
  custom:scripting/monoscript/fileName/SpriteData.cs: 67604379e35d647a4853052cec49ac82 -> aa8c84d7669fe26f7386cf255b7a3974
  custom:scripting/monoscript/fileName/Splitter.cs: c40f5897a879aa5052c758f27af8a059 -> e2c62ef122c5403befbf9a5670e486bb
  custom:scripting/monoscript/fileName/AngleRangeController.cs: 1b3cf7b8bc4053e98b64382a08b8938d -> e316598fd596e7023ded280259d6f689
  custom:scripting/monoscript/fileName/SkinningEvents.cs: 0c026884210dc9cee2c4e98ebec6eab5 -> 3680eebb309e7447e9644765e8739990
  custom:scripting/monoscript/fileName/Mask.cs: d64545cfd3ea47847e6ab3c9295a7e2e -> ccfd667dffb8f806cbab47d3bfc110ad
  custom:scripting/monoscript/fileName/SkeletonCache.cs: 5ca276688569fc781395b9e43bc077b9 -> 76be81bbb41f071a239ac83f71fea50f
  custom:scripting/monoscript/fileName/ConverterItemDescriptor.cs: 79cc71fb6b5eaa5117f2c548fb9d5e93 -> 8182050d34c5cb602eb7913435a7abee
  custom:scripting/monoscript/fileName/BoneTreeViewController.cs: 83e3493176a99fb8384a0a65aa7cef85 -> 5085947e8a29ee27e0ae9737d12dd783
  custom:scripting/monoscript/fileName/MeshToolbar.cs: 2dcf6a5b422ac4de5fedf471a5eda61d -> cbd04de2818e98a1b1a086fb50b3aefc
  custom:scripting/monoscript/fileName/DragAndDropManipulator.cs: b9de173aec31d8cea8e6743320bbae96 -> c768d8b2f4b99ccdd15f870eac882c57
  custom:scripting/monoscript/fileName/MeshPreviewTool.cs: bab8706860b39a57c229ff8aa3441061 -> 4b87b7382adf9bfc41d47e9b4fd7c84b
  custom:video-codec-MediaFoundation-h265: 746d11721c4dcdbdad8f713fa42b33f4 -> 
  custom:scripting/monoscript/fileName/TriangulationUtility.cs: 1bd47f1cfe8a897647a50f94b792d511 -> f37e668bebf08418c78463c0454b51e5
  custom:scripting/monoscript/fileName/AndroidLogcatEntry.cs: a51f71d96eb46b97cab96118391dbdfa -> d39af3a88a80167ecb3a0f1fb87c0065
  custom:scripting/monoscript/fileName/IMeshPreviewBehaviour.cs: a9141f680330e18e74454a4e5c68ed8b -> 463a5bd4a52fbdbaead08e169939656b
  custom:scripting/monoscript/fileName/GenerateGeometryPanel.cs: acc10d03b8b4e4fbfe7bc6e0439354a5 -> 1a75574dbdbf8c3bd4012f72bdc0ffe6
  custom:scripting/monoscript/fileName/UpdateBoundsJob.cs: 14bc9dc0a4ad235e6ea927835390dd0b -> e3c7d1920bde8d658ae0f1586abf8e22
  custom:scripting/monoscript/fileName/Snapping.cs: a6e243abcb6fec234c3fe49d7eae4cd2 -> a01235a88ebfebe4dd48dbba3c028958
  custom:scripting/monoscript/fileName/SkinningCopyUtility.cs: e0cb36fce9cfd728ece366ab39643933 -> 22fd681dec0e78ac9a4c5b865bca8416
  custom:scripting/monoscript/fileName/CreatePointAction.cs: bffa72fa59fe0d175733398e1ec20cf8 -> 9bbe094a9015f08c90fa49bd0adf1e8e
  custom:scripting/monoscript/fileName/Discovery.cs: 8029393f215a21f61e4b017c92f6b3d9 -> 2b1006b9be47307c73378eaafc98b6fb
  custom:scripting/monoscript/fileName/SkeletonStyles.cs: 66ec7e04697c1ae91711f23092ee955a -> 88573f69545604518ac07fc341c3ab35
  custom:scripting/monoscript/fileName/Tooltips.cs: d576a0d6155abbebc5b80157a04f3571 -> 672af02cbfe69db48ad44938a986d031
  custom:scripting/monoscript/fileName/RleImage.cs: e78f3067e1f3ae56b9ba23b1832d0319 -> 3f716df5212e9ed693b809f0cf948ab0
  custom:scripting/monoscript/fileName/PixelPerfectCameraEditor.cs: 248433a7b0f808d6fc4d07ba46f2c326 -> e37a28cdd8139e110f21a0ca50a1ea3f
  custom:scripting/monoscript/fileName/AssetCreation.cs: 3d0ddaa52a1cb26c2e60d3f976e30883 -> 3fabf02db7ae4ca4eaf4acb6d388c7f7
  custom:scripting/monoscript/fileName/GenerateWeightsPanel.cs: 21f6f9ed953a3c75a8ec7b5635f20624 -> 192c68a8b2c185366e3b4a803283ffbf
  custom:scripting/monoscript/fileName/SkeletonSelection.cs: f54911c2515b73824aa7ae031cb6a5f9 -> 43985630d414fa5b6a16a507b53cbd39
  custom:scripting/monoscript/fileName/RectVertexSelector.cs: 3a5de258c1df85e8246a7483e114a31e -> 2c276737185d283110ad52afa5d9c23f
  custom:scripting/monoscript/fileName/FindTightRectJob.cs: 07c37077daba16935ef2e66ec48250e4 -> 122c6064a5d104701a39dd238bdfe226
  custom:scripting/monoscript/fileName/GameObjectCreation.cs: c2fcb3256af17b1f4ce78d4397d32344 -> 421b973a4d1ebee3b25b79b0948ebe33
  custom:scripting/monoscript/fileName/ZipImage.cs: 3ea797be5e377edc71b4cd88a03edc4d -> 3351133f14b39ebcb7025abcf311e97a
  custom:scripting/monoscript/fileName/BuiltInToNavMeshSurfaceConverterContainer.cs: c211ada32dadd57d744f821bc5284c6c -> c40a906f9f99ea8a6c5aaa215767017f
  custom:scripting/monoscript/fileName/CCDSolver2D.cs: 0765f1a6c5a9b4204d3e8e13d0cded99 -> 0fcbd83578dc51f022b7d5fea57a16df
  custom:scripting/monoscript/fileName/NavMeshSceneConverter.cs: 6496c5f8eec789f0b87d8b24a60b77ce -> baf486a1c1cdf03a3111dd113d13c2f4
  custom:scripting/monoscript/fileName/BaseTool.cs: 4d0544915e57cf5bf65462104dd540be -> 772460ef45f8b6d554836adc5678675a
  custom:scripting/monoscript/fileName/SpriteLibraryDataInspector.cs: 28b0aff13e31d309c550902771cb286f -> 1c92da129cf6c177a003e905de30b58b
  custom:scripting/monoscript/fileName/VisibilityTool.cs: 8fb6f0d745002e8211a9e30fe5df2ec8 -> 8331de24f77d0f09f05670c74a5d88ca
  custom:scripting/monoscript/fileName/BoneInspectorPanel.cs: d4ee8cbc93bd336c1f2e79548dab0e9c -> cdb008028ec549f3ebb9033ae7169240
  custom:scripting/monoscript/fileName/Dict.cs: a53f96815da50de15010b1c479bc70cf -> 0cdf409b5aa8d4c25876d72b5c6a3b60
  custom:scripting/monoscript/fileName/SpriteShapeControllerEditor.cs: 9372955a071f8ab93b40a41cf78b762a -> fa15032b47352c39e07b40e27f4cd097
  custom:scripting/monoscript/fileName/ExtractLayerTask.cs: 1e4fac69194c9cfe65810ffe43f3a6f2 -> d5f182791c1d1ee61417436c80aec275
  custom:scripting/monoscript/fileName/Solver2D.cs: 5669a3842784916cc043deae0009f959 -> 46a4bb956549d9607307737dd0cd83f9
  custom:scripting/monoscript/fileName/PSDImporterEditorExternalData.cs: a11b2fa2e9fa62af06957bb1df83034b -> 28f9d69e20ff6e70f15510b450426789
  custom:scripting/monoscript/fileName/VisualElementExtensions.cs: 57ac41657ceb18e7a58552c382aec222 -> 28d3e288ea1cf459fc3cca96347c70bf
  custom:scripting/monoscript/fileName/ISpriteMeshView.cs: a681a73b50027a075b0f16388c4f4711 -> 32dcbbdee706c632e33d2a60044e19b6
  custom:scripting/monoscript/fileName/RleRowLengths.cs: cd54aa6372861a95219abdf42006b616 -> 0c8149d4d43ae5dcf6ebe950c963a50b
  custom:scripting/monoscript/fileName/RawImage.cs: a795f84e88cabb0482288ba5867ed546 -> e4ec8852425c20129c70f76c27554cd9
  custom:video-decoder-ogg-theora: a1e56fd34408186e4bbccfd4996cb3dc -> 
  custom:scripting/monoscript/fileName/ControlPoint.cs: 2e23fa4ac9bade430240cb95ef24d6d5 -> 843d47173c4b7f80dc4e13a3682196ee
  custom:scripting/monoscript/fileName/TexturePlatformSettingsController.cs: a23030f296e13f444d89c6d852deab5d -> 776489bd6ef450394eb8af2e4ac2fcd6
  custom:scripting/monoscript/fileName/MeshUtilities.cs: c35905acd5fa6232c2dc89a9c213dc62 -> e2d47a335e5529b9d1f9107ec3d93a6c
  custom:scripting/monoscript/fileName/SpriteOutlineRenderer.cs: 622f919403fb34eaf1ca6dac78b45550 -> 081a291237349fba327b1f74cfe9b6ed
  custom:scripting/monoscript/fileName/GenericDefaultControl.cs: 5f7ea3346188f05ca1329aca5a2ca4ef -> 4a07ce53df56bef2e4697f262945d140
  custom:scripting/monoscript/fileName/Refinery.cs: c3aa9b0320af2d716c109b6a69c04ddd -> 585f9b06797e09db87854d4681581c45
  custom:scripting/monoscript/fileName/SpriteShape.cs: 73f694ba53f24e370d9a11751282cd74 -> aa8b71f66fb7040aaf56240e22f7b9f0
  custom:scripting/monoscript/fileName/TexturePlatformSettingsModal.cs: d89ddbfcf58bc016b8417ef04bf93599 -> 3f8b9bd50725c6bb25ec3878e503bf7d
  custom:scripting/monoscript/fileName/LabelsTab.cs: 54aa17ec51742d4b98a9f9b43d0b3c2d -> 150bfe6d5ca1a8fb515e8f2abfc62471
  custom:scripting/monoscript/fileName/InfoLayers.cs: 6eb32f5f8333a651afa634d55aa69a6a -> 4b44724b98952a3e4593dc30b29babe5
  custom:scripting/monoscript/fileName/BoneGizmo.cs: 791bf732e026a951f96f8f936e74ccb4 -> 5ca2af00e8e4993e58804b4cc25ecf04
  custom:scripting/monoscript/fileName/AndroidLogcatSymbolList.cs: 8edd0127280a188d527ee5c600da0490 -> 97f0a553cf445667718f6c906fcaa6e7
  custom:scripting/monoscript/fileName/CommandLineParser.cs: a5ce035a20fc026f12db6b796b898d65 -> 25c8ce1c1ecf3aba3903da1187b88166
  custom:scripting/monoscript/fileName/LimbSolver2DEditor.cs: 316afe970cef850a657f291ea8ddb7da -> 76e99da666d475873e0a85464c9ec879
  custom:scripting/monoscript/fileName/AndroidLogcatManager.cs: 36df967381236737e33e00c15b54c89f -> 7d4535f16b64fb7fe8f2ef42fe786fe5
  custom:scripting/monoscript/fileName/RiderScriptEditor.cs: 4a0f526f1b31c7d9c331714a284a6791 -> 4ddd2581343451de6f696adaf8c0958f
  custom:scripting/monoscript/fileName/AndroidLogcatInternalLog.cs: e693436e637a80bb89eead146e7c6512 -> b8cdf7bcecf8b820e1d422fc82bba241
  custom:scripting/monoscript/fileName/SystemConverterContainer.cs: bdec785a88883dec09abdd8ddca1fdd8 -> eb4026ea01a117ce0888f693e9eed2cd
  custom:scripting/monoscript/fileName/Geom.cs: 8bb077b138f814db1660ceb7059d06dd -> 46f3846c55333c64b836819f0c82dd0f
  custom:scripting/monoscript/fileName/CharacterPartCache.cs: d4eaed331fc87b9c9468c7b7b7ceb8bb -> f70b9257bd58e2350f7c3234b7d892ce
  custom:scripting/monoscript/fileName/WindowController.cs: d5ae5f44c9b9b6824cd8ff6da233f505 -> 36255cfec9a21d4511d537a17af574db
  custom:scripting/monoscript/fileName/MeshPreviewCache.cs: 3636dcc2ec975522c6742223308e7e28 -> d6b83b08c1e612e303b5e447e8be02b6
  custom:scripting/monoscript/fileName/SpriteLibrarySourceAssetFactory.cs: 775fcb963928d827df2e58b52ed2e8eb -> cb1359e14a07fb89e011bc33d29b99fa
  custom:scripting/monoscript/fileName/SpriteLibraryEditorModel.cs: 637fd53007270845469226642d1644ab -> 6791145f3374facd4d01cd725c293efd
  custom:scripting/monoscript/fileName/AndroidLogcatInputs.cs: 94fcf05d4afbbdd6e708df8a55528026 -> 5a808ac8ecb3f535fd580f7629cfe853
  custom:scripting/monoscript/fileName/PointRectSelector.cs: 6290f967c1efb37e351901df2d653996 -> 17548335647f0d06cc1f17d81c223b2d
  custom:scripting/monoscript/fileName/WeightToolbar.cs: 9c36f639bc5d9fea6437c09080a90387 -> 89372a0f37403e988f690558695abfb6
  custom:scripting/monoscript/fileName/SkinningModuleView.cs: 15892acf63579e4fcb4ce1694b9da077 -> 14125ca3d52935d92d117d216c3faf0c
  custom:scripting/monoscript/fileName/ScriptableData.cs: 8f6297df34271fdb1ce2d9607ec6261d -> 90647cc400823b41df847a6cbfc29026
  custom:scripting/monoscript/fileName/AndroidLogcatConnectToDeviceTask.cs: abb027da3fa0b081b38805b3ae1184f7 -> 638f284c771507871ab93d76e09b4a42
  custom:scripting/monoscript/fileName/Unselector.cs: 8f6297df34271fdb1ce2d9607ec6261d -> 90647cc400823b41df847a6cbfc29026
  custom:scripting/monoscript/fileName/ShortcutUtility.cs: 2f58708f86ea12035d4cfcc8d3a85d22 -> 6a245a50a945c75c9b74a85310045d7c
  custom:scripting/monoscript/fileName/FileIOProvider.cs: cd91aaa86c461e807d984ea50a1f782b -> 304525d180d2b661ce338fc8a3225752
  custom:scripting/monoscript/fileName/PSDImporterAssetPostProcessor.cs: 9066e5829e04dbe22252dc576d607191 -> 2ec320b6efea27588fe5b621588589b4
  custom:scripting/monoscript/fileName/GenerateWeightsTool.cs: 4be6777ab44bba290d5e0a1720625ec9 -> 484104c82b9aac7ba75d900350371744
  custom:scripting/monoscript/fileName/LayerNameColumn.cs: 35fd25baf987dc8108038289ba72c2a1 -> 6ba8f1286f4b0300f8f6a9bc62a2ae0c
  custom:scripting/monoscript/fileName/FlattenImageTask.cs: a5fa1f39d7241764b8fe05b731891017 -> a71f0240d52ac75d53e8a26ec1ebde61
  custom:scripting/monoscript/fileName/NavMeshLink.cs: d553acf56818ed54adbed2f21967e3cd -> 0b3d0eeb07ab57d259e8f9365538df09
  custom:scripting/monoscript/fileName/SpriteBoneInfluenceTool.cs: 9029d0c2651f416a271dbb190245c53b -> f6d82955b82fa978e34b33b95fc1c745
  custom:scripting/monoscript/fileName/EndianReverser.cs: 4fa9a0130fe808b0863700cf3ba83070 -> fc3e48e1202575a2d46b2139c4a7784a
  custom:framework-win-MediaFoundation: 216162199b28c13a410421893ffa2e32 -> 
  custom:scripting/monoscript/fileName/ClickAction.cs: b594fc48d3d8796a1b52f2ef7f469669 -> 914e28c145e5e70f30d5213550122193
  custom:scripting/monoscript/fileName/UtilityStructures.cs: 45980815277fb270277d2ccfed5383ce -> 400364b47dc7fa4d1e8b9cb78544e293
  custom:scripting/monoscript/fileName/AndroidLogcatScreenCaptureWindow.cs: 8e541a96a5cd17d5297a43c234622030 -> 1d01a673efb48aff75b82bdba75c4246
  custom:scripting/monoscript/fileName/PSDGameObjectPreviewData.cs: f3256e378666d31e482c9323bd9659d6 -> f85a12775b6fb95f5ddb509006525713
  custom:scripting/monoscript/fileName/WeightInspectorIMGUIPanel.cs: 072a12d71a5af87440248811367e8714 -> 09542a8d18d3b59cd4e6ead66b720da8
  custom:scripting/monoscript/fileName/LastWriteTracker.cs: e117305b6c922c0adb79679b01fac2c8 -> c78bd5b4fa28ac60ca7ed50f9c2b99d2
  custom:scripting/monoscript/fileName/TextContent.cs: dd682bdb33a608e216797fd828705c21 -> 830c174f5cd0397a28fead8435fd48c8
  custom:scripting/monoscript/fileName/EditablePathUtility.cs: b871621ba7332dfb1da95e06728f73cc -> 2065f881caaf4c1b2fcb006c4caf080d
  custom:scripting/monoscript/fileName/FileSystemUtil.cs: 6856b263874916a35e9cabf0faa6bad8 -> 3a1d37ca0015bdfbd542c903cf738043
  custom:scripting/monoscript/fileName/AndroidLogcatDispatcher.cs: ffefb6e516621baeb83d569f786bb29e -> beae000db8002b4c9843a72f1b230077
  custom:scripting/monoscript/fileName/NavigationWindow.cs: 1279a85ab048fbed97c5121b62728812 -> 7884404b71178f59d8819c380b951d7c
  custom:scripting/monoscript/fileName/SpriteSkinEditor.cs: 4a2fb36f7c210b2bb39fd1375ad6ec3c -> 1737db6268bdda7a4b0a0fc07622cb96
  custom:scripting/monoscript/fileName/SpriteShapeGeometryModifier.cs: 112b92d32c4f76ecd434b89fa8b13440 -> 0e0adacc8e28a9b9749e1a2d953decf5
  custom:scripting/monoscript/fileName/SpriteLibraryAssetInspector.cs: 475258b439d7107bbc353817b7781000 -> c9db9044da6d4d2e1f67808b07769c10
  custom:scripting/monoscript/fileName/UnicodeAlphaNames.cs: 5eb3c4aa1c3df92353750c001c21a19a -> 76297b542fcfd506ced74ed7db190454
  custom:scripting/monoscript/fileName/Limb.cs: 5d847c43cfd6dda71ac5dacfee0de336 -> a041e11a6b559c698a6c1d0b8f81644d
  custom:scripting/monoscript/fileName/ModuleToolGroup.cs: a7b49c61ac61433206408b49a4769bdb -> 3b6d03b74b6b22a873a4f862ee6b1222
  custom:scripting/monoscript/fileName/AndroidLogcatSettings.cs: df54344e2b6f909c215f365253a8b9d6 -> cb8687d84dc7b88fa5776756f56dc883
  custom:scripting/monoscript/fileName/LayoutOverlay.cs: a2f10617c610b7ab2177ba08de80b6d5 -> 72dffb01ce958422159f804b432d2768
  custom:scripting/monoscript/fileName/PsdFile.cs: e0ceed6b366507f6e4ab40c9818e8ee1 -> b9b4f2c93db8ea837918335fa3ef3e10
  custom:scripting/monoscript/fileName/BitmapLayer.cs: c38b2c3c0529135359240ba99dd045a6 -> 516b587be0af37551d1d13d64ec0c1c5
  custom:scripting/monoscript/fileName/PSDImporterAPI.cs: 8f6297df34271fdb1ce2d9607ec6261d -> 90647cc400823b41df847a6cbfc29026
  custom:scripting/monoscript/fileName/BlendModeMapping.cs: 3521bdeb55cce392c5f156c7881a5907 -> bf25d9b76dffa32a78dd84b6a7829f67
  custom:scripting/monoscript/fileName/InternalEngineBridge.cs: 7ce536d607ae174f434530cd14ca186d -> f60b8c31fd032cd3dc3869e6eb10723c
  custom:scripting/monoscript/fileName/AndroidLogcatFilterOptions.cs: b4ed8d4d415d010cb2e97a1b66b78aa9 -> 846e2d532fdf85532ac76dbbe21d0159
  custom:scripting/monoscript/fileName/BoneSelection.cs: 79fe0f4b6533be61501a931e67815052 -> f232b73035bdd340ca4cbf69c8602252
  custom:scripting/monoscript/fileName/Tess.cs: 54fb8f41960a1c6a4329d78d832fd3fb -> d6e704c26cbdf79cd2e61c6d62c120b6
  custom:scripting/monoscript/fileName/AndroidLogcatUserSettings.cs: e6813e2837281640764d7008127dd5ff -> ff56b6d3bc9f43be6b176e512b3446ec
  custom:scripting/monoscript/fileName/IEditablePathController.cs: 40a1f4b9b10d6f76e6d36c5b1b337952 -> 1da99a407b69112d63d222eb8de74059
  custom:scripting/monoscript/fileName/AndroidLogcatDevice.cs: c2670e749f385a816b428b8d8582d77e -> 639f84b5b6912bbf895cacbef81b7b3f
  custom:scripting/monoscript/fileName/AndroidLogcat.cs: 40b204debd66b51407f0a80ea84f40ff -> 205526712178aefb12d837d60441451a
  custom:scripting/monoscript/fileName/BaseUpgrader.cs: bf14c54c91bba651def4b856d954bddd -> ada04ef9555ab935ad2638ffd81913e9
  custom:scripting/monoscript/fileName/PixelPerfectCamera.cs: f3b1c1f72abb9ad6a08e5ac44d69d529 -> 427fa03dc459312d1746370b68db9927
  custom:scripting/monoscript/fileName/ObsoleteNavigationWindowMenuEntry.cs: 4e6e880c198acc644c2491c8b716b9b6 -> c7f73386e6473f401a8e4151cac4e1e5
  custom:scripting/monoscript/fileName/ITriangulator.cs: b645f56b5781ae176350e05a26bd460f -> 028faebe5635de2227b58d4d8a1f6b31
  custom:scripting/monoscript/fileName/ISkeletonView.cs: 8840baf3c7cd6c3eb376e033a17db287 -> e6c99206afd62719f2ad0ded1c8ea725
  custom:scripting/monoscript/fileName/GridView.cs: 6e6fc36a4a4951565a5d1732ef05c335 -> 275ce35cebaa0ffedd3f50786271a502
  custom:scripting/monoscript/fileName/TransformExtensions.cs: 973d7b88e2cb5d592e9658b9714e4330 -> e5216133575de61ae6b62bd442d901c9
  custom:scripting/monoscript/fileName/Util.cs: 90c69f2a3b41da73229fd51739ac69c0 -> dfcb232467cda91580c06f1fe0cca451
  custom:scripting/monoscript/fileName/StartUpMethodExecutor.cs: ecce11359b7760342ad14bc80bad2220 -> 45cc23141d36926881d69e4d2f8950c7
  custom:scripting/monoscript/fileName/BoneVisibilityTool.cs: 3e160cd1794a30d8ae25631df4afaa34 -> 2a5c57eda3b22c661778d988e0673687
  custom:scripting/monoscript/fileName/RiderStyles.cs: cd129c7ac3790ffa53f73149c91a781a -> 871a958d95b29e48af876a5d411c626a
  custom:scripting/monoscript/fileName/LayoutOverlayUtility.cs: 66287593aced152a1b3c630134402abf -> f376db335fc0bebcd84b86df92a8b8fe
  custom:scripting/monoscript/fileName/SpriteShapeGeometryCreator.cs: 42424db6cd4861526d9e857e76e3e99d -> cfbf4830d38e2ec99acb4505be7120dc
  custom:scripting/monoscript/fileName/HoveredControlAction.cs: fc45600c1c08efe18ed15d74d0a482ed -> 9de9df8e27ac22e6a80c8207bb3bdc2e
  custom:scripting/monoscript/fileName/ArraySlice.cs: a53f96815da50de15010b1c479bc70cf -> 0cdf409b5aa8d4c25876d72b5c6a3b60
  custom:scripting/monoscript/fileName/PSDImporterEditorLayerTreeView.cs: cfcc7fa13abbaa7d83a6bc194e0b59de -> e1b52867703364227e0e03d977e0707e
  custom:scripting/monoscript/fileName/SpriteLibraryAssetPostprocessor.cs: 457c2ae7f4a75a1050cd89ded723173c -> 76dc94e3c8de3d56b0597a45fc83fd56
  custom:scripting/monoscript/fileName/InitializeConverterContext.cs: f9c3276ac1952bf8c8ab53a011b74d69 -> a97e19589a5774cdc2a34a28caea355f
  custom:scripting/monoscript/fileName/Exceptions.cs: 7d84cf855b7d2717caac87095ba100c5 -> b832fd547d5b936b17a053f03ecfd82e
  custom:scripting/monoscript/fileName/ZipPredict16Image.cs: 4f427ec4f471ee5435f186d82d1be774 -> 8c3ffca7272c1004e25ae78582315efa
  custom:scripting/monoscript/fileName/AndroidLogcatMessageProvider.cs: 9f73086cb7d69fe213f63f5316916f83 -> eb7bb399efd1fff1eb6f711561b5ce67
  custom:scripting/monoscript/fileName/AssetUpgrader.cs: ce933307dc011ab88c95710f2b2cb8f8 -> e2207e88d445ab6d00cd6a78bf16f7eb
  custom:scripting/monoscript/fileName/BlendingRanges.cs: 09b187e725b4cefeafd985b30a5c07a5 -> 987644cfd6cf5d1e99029839d6ba4e3d
  custom:scripting/monoscript/fileName/NavMeshComponentsGUIUtility.cs: 031a331373bebd0dbd0914421ec4dc78 -> 08c52049b94db52661003d42fda4ecff
  custom:scripting/monoscript/fileName/SpriteShapeGeometryCache.cs: 552ce0ceba390ebce1e55749aa83f283 -> 12a89dc14edf4fd78664d642570eccfe
  custom:scripting/monoscript/fileName/VersionInfo.cs: f1574d50367c4cc31fa7db950eeb2406 -> 1af537a2429864cea68d362de05227fc
  custom:scripting/monoscript/fileName/Smoothen.cs: d5a66fde7ed423b339279c660fa98e7d -> f71119afe4f2c5999c584cc36a8b7832
  custom:scripting/monoscript/fileName/TexturePlatformSettingsView.cs: 79ce1de45554d4b793c6fb9df1497388 -> 4a589470f2fe282743dd90254e012f0e
  custom:scripting/monoscript/fileName/SwitchModeTool.cs: 7a32e231c7ac2ccf0b42eb3f54e4d89b -> 9e960ce60de25635edb07ae072180f72
  custom:scripting/monoscript/fileName/PriorityQueue.cs: a53f96815da50de15010b1c479bc70cf -> 0cdf409b5aa8d4c25876d72b5c6a3b60
  custom:scripting/monoscript/fileName/SystemConverter.cs: 7cde37e2d29752cb5e16f9b46b9ba9df -> c748d1769fc66e95256254a1cc1497f3
  custom:scripting/monoscript/fileName/LogFileOpener.cs: d5af4cdaf4ccc0932ec949d53332c79c -> 4ac2604e2bd008e0abf6bc3458db4dcf
  custom:scripting/monoscript/fileName/SerializableSelection.cs: 716086397f6fce3cf59561531ac052e5 -> 8f6297df34271fdb1ce2d9607ec6261d
  custom:scripting/monoscript/fileName/TransformAccessJob.cs: cc725b1b2180dedf6e5f11db4f863e5e -> b923b8c660a860b2e2316632ea53afd9
  custom:scripting/monoscript/fileName/IKManager2DEditorData.cs: a53f96815da50de15010b1c479bc70cf -> 0cdf409b5aa8d4c25876d72b5c6a3b60
  custom:scripting/monoscript/fileName/AndroidLogcatStacktraceWindow.cs: a187330103ad9c9bc14b009abb99a655 -> 84c991cbc1b68c16d350e818d3301b82
  custom:scripting/monoscript/fileName/EditablePathController.cs: d73a7f0df8651eb3f19d7d1ce6541ebf -> f77332f1cd4decead6ec722d05fe8672
  custom:scripting/monoscript/fileName/AndroidLogcatCaptureVideo.cs: 1edd3e1a0e50380c8b8bbfc2dcff3872 -> c23788ed448acababfbb2285cc592e1a
  custom:scripting/monoscript/fileName/PsdBinaryReader.cs: e2c9c76adb2ec3b210dd8dfd2ea6b8af -> 771ee46ecbf2ba621bfefb51a12c1fcb
  custom:scripting/monoscript/fileName/IWeightsGenerator.cs: 22a481eaecd1703ce595f11efd8e991e -> a01ac31298e47d5c76f3d43eb3217683
  custom:scripting/monoscript/fileName/EditablePathExtensions.cs: 0e50b7328f9e19007c2940b49a693727 -> d8cc0b84fa774526a64b3645a6edccb4
  custom:scripting/monoscript/fileName/Document.cs: bbe67f73da453939d4882517bfa4bbea -> 29887a24db6816bcc29feacceec4eedb
  custom:video-encoder-webm-vp8: eb34c28f22e8b96e1ab97ce403110664 -> 
  custom:scripting/monoscript/fileName/GUIAction.cs: 1c3847aaae59a5c5d4c6b9a6e43d7c39 -> 350d8dad99ed62d0b448f77355d8f2b1
  custom:scripting/monoscript/fileName/SkinningCachePersistentState.cs: c4f53c46d6f400890f86e4548b9e3d1b -> e0b4fd21bd5af6165d59481a8e03e8fd
  custom:scripting/monoscript/fileName/TexturePlatformSettings.cs: a41303d4fd795d0f93ce0f2d0eacc7b0 -> 7d8146c223abbe3dd740ca50a7dc9942
  custom:scripting/monoscript/fileName/AndroidBridge.cs: 884c62dada1fdc7ba377751e9aeca71e -> 6a91051db088a471ed986454436f2041
  custom:scripting/monoscript/fileName/PSDImporterMultiColumnTreeViewUI.cs: 1a51f8013a2c502e858418bd9e6b7e30 -> 6b715d97b17d891cf1d1d98bf9c3bbc7
  custom:scripting/monoscript/fileName/IRectSelector.cs: 8f6297df34271fdb1ce2d9607ec6261d -> 90647cc400823b41df847a6cbfc29026
  custom:scripting/monoscript/fileName/AndroidLogcatReordableList.cs: 32627e55e1017bd14632c16e0ba1325d -> eb634ff4e1fba63b75a082b41c1cd75f
  custom:scripting/monoscript/fileName/CacheObject.cs: 4e486c0f01a521986b59455ee5256363 -> 66bc1c3933a7e4d3570aac34511fcb9b
  custom:scripting/monoscript/fileName/LayerUnicodeName.cs: 6b82fe33cedc8e140961bc3c2c698652 -> 87a7520ce520e3d7bc6c73609f1222b3
  custom:scripting/monoscript/fileName/UIColumn.cs: 0516dbd10f4eaa660fe848a6186d855a -> 55212b86820c79765a86e023eb8bf698
  custom:scripting/monoscript/fileName/AndroidTools.cs: 7d4b1001a9c873c1ad2f5f476b0577ed -> 214b4cb092ffede0be163f7cfe8361ac
  custom:scripting/monoscript/fileName/RectSelectionTool.cs: 8f6297df34271fdb1ce2d9607ec6261d -> 90647cc400823b41df847a6cbfc29026
  custom:audio-decoder-ogg-vorbis: bf7c407c2cedff20999df2af8eb42d56 -> 
  custom:scripting/monoscript/fileName/PathEditorToolExtensions.cs: 0a52f8d337c22e6b086259d74685574a -> 902650c2916d507807b40f13195e7264
  custom:scripting/monoscript/fileName/RiderInitializer.cs: 68ef77945a5c56741cb9a0219dfe7657 -> d44ce07d40dcd4d066b6c1c8d08f3519
  custom:scripting/monoscript/fileName/LimbSolver2D.cs: ccef782cdbe5a614abbd07088e15a331 -> 70bfe2148c4b302b42dbb45c2e1ed44a
  custom:scripting/monoscript/fileName/AndroidLogcatContextMenu.cs: a53f96815da50de15010b1c479bc70cf -> 0cdf409b5aa8d4c25876d72b5c6a3b60
  custom:scripting/monoscript/fileName/NativeCustomSlice.cs: a53f96815da50de15010b1c479bc70cf -> 0cdf409b5aa8d4c25876d72b5c6a3b60
  custom:scripting/monoscript/fileName/AngleRangeView.cs: c3bb00fab690536316ac885c945e51ff -> 1345c0a47a11c5a1df9f17e80c76727d
  custom:scripting/monoscript/fileName/BoneCacheExtensions.cs: d1a391d4579dc755cfad2b3efea56f21 -> 70e19461bc6c556d3cf12ad120a6d846
  custom:scripting/monoscript/fileName/GUIState.cs: d3a3f4b84ba549124d0fdc1cc28e49ea -> b851414ba9f886dd1cbcc5e3222f51ec
  custom:scripting/monoscript/fileName/TestEvent.cs: 600966b5c87333333e8aa4555a03efa6 -> ff94f6973aa3f0db280f3ed0b7577e48
  custom:scripting/monoscript/fileName/GenericScriptablePath.cs: 8f6297df34271fdb1ce2d9607ec6261d -> 90647cc400823b41df847a6cbfc29026
  custom:scripting/monoscript/fileName/SerializableDictionary.cs: 8f6297df34271fdb1ce2d9607ec6261d -> 90647cc400823b41df847a6cbfc29026
  custom:scripting/monoscript/fileName/PackageManagerTracker.cs: 6b4f549427cfb6e5a3495618f2118a44 -> 651bbc6653e509037fd83f80aa48fad7
  custom:scripting/monoscript/fileName/BoneDrawingUtility.cs: 0fb667ae38d48710dccab67114747aeb -> 8155c9cc7b87ccfa01017ee822b5b5cf
  custom:scripting/monoscript/fileName/ImportUtilites.cs: 529920e0410315bf00b773cbaa3d4e5d -> 63dcd024897bd4a3da5fe1aed94656cb
  custom:scripting/monoscript/fileName/ProjectGeneration.cs: 3a79165092652112811ff62f011f04b4 -> ad99001a96dac276206e089b138a3695
  custom:scripting/monoscript/fileName/IFileIO.cs: f591b2fd0e7a5b3d1b89896fce5380e7 -> d1715877724f6e7813b95bae6fbc24d5
  custom:scripting/monoscript/fileName/Bone.cs: eeabaf26f881a64e6e1de82dae7d5340 -> 56a9157a3eba26033828fe185020ed5b
  custom:scripting/monoscript/fileName/Cache.cs: 7d7505d864e2222cc5bcf2ce7c6cf7f1 -> 69ccdd5e7fe104b015a6fe0ab25ffe53
  custom:scripting/monoscript/fileName/InternalEditorBridge.cs: fdc2b01fe88c32cee2ac3ce7ff3a30d8 -> a93027087e5979de85bf0d1a6c8a88c4
  custom:scripting/monoscript/fileName/SpriteLibrary.cs: 8831b3320965b3e3689bb7aa7e8059f9 -> 6effcb11dd42c7bfeab8f267d73fd901
  custom:scripting/monoscript/fileName/SpriteResolver.cs: 4e7bd8ee129996c188b7009d36d51845 -> a00ceed6373a6a4b751227edb6a74adf
  custom:scripting/monoscript/fileName/ISnapping.cs: 8f6297df34271fdb1ce2d9607ec6261d -> 90647cc400823b41df847a6cbfc29026
  custom:scripting/monoscript/fileName/SpriteLibraryData.cs: 3008f6d3092e76b85c90668f1e3ed029 -> 9ae57e9a391cb6897fc9b4dd316466bc
  custom:scripting/monoscript/fileName/PixelPerfectCameraInternal.cs: 716a6d681ea926a586a2aab1d7937932 -> 6ac830264c10e5f7fe51549d1acac3f6
  custom:scripting/monoscript/fileName/GenericVertexSelector.cs: e387ffcb95bb82fd87d5e80ae15cee7b -> d814ea441cc7dd96f0fb54edaba7f923
  custom:scripting/monoscript/fileName/RiderScriptEditorDataPersisted.cs: 86b94c4c59f51e667ab7e1f2d997c184 -> 93e7c36b8be60b7055550adb6ace534f
  custom:scripting/monoscript/fileName/ConverterItemInfo.cs: 17347613d9bcd61fc21bb1087f168562 -> 9fb131dfa28a9ed6b6d00fd9cf83ece4
  custom:scripting/monoscript/fileName/RiderPathUtil.cs: b3d293b09b57cc7b91d500a8b861ad70 -> a77167e74e3a3d01856e2c8265c09e64
  custom:scripting/monoscript/fileName/DefaultControl.cs: ac473e0e09900d2717d7eaacf9b0f163 -> 348fbe642e53b6e49cbf6c8ca5a88681
  custom:scripting/monoscript/fileName/IBoneSelection.cs: 1ef981bf6c391084db71e1fa8f0c6aab -> 7ef7ea3df7ed23a3aefae452e9cfaf54
  custom:scripting/monoscript/fileName/MultipleEditablePathController.cs: 2c829d4449674370203505d97a7777f9 -> c7cff4cfb29e01669fb7da4c388d9253
  custom:scripting/monoscript/fileName/EditorIconUtility.cs: 487d3e6d7d70a245ad678124e315488b -> 9761440b51d3a96f4174d71733b95e18
  custom:scripting/monoscript/fileName/SpriteShapeAssetPostProcessor.cs: 6a81f1d05dc8870162e793e2d06d1af3 -> 73de8173be15559f77f57426683a34f8
  custom:scripting/monoscript/fileName/SpriteShapeEditorAnalytics.cs: e9e8ee143801a9794b3dab2a6307d893 -> 95dbfe64cc76974028dd4d9cd21e595c
  custom:scripting/monoscript/fileName/SpriteShapeEditorUtility.cs: adb2019df6a4ec19a5d0b3bb8271ccec -> 61d51f3b8579a7323ddfb9c2a8b412d8
  custom:scripting/monoscript/fileName/CharacterPartCacheExtensions.cs: 740923fb8ff45cbf293f201839cadc6a -> 0164f6f644e58405851dc4020341514e
  custom:scripting/monoscript/fileName/ICharacterDataProvider.cs: 81f1bd98ca52ac98787f6c7136fc661e -> de0279d758d30b7796edb8016a5868fa
  custom:scripting/monoscript/fileName/GenericControl.cs: 70b352fcfefbf46d23b56eebf4ca8758 -> e4287712a15669166bd93ec67c03065f
  custom:scripting/monoscript/fileName/SpriteSkinCompositeDebugWindow.cs: 5efeef62674defbd33001fe6825fe818 -> cfba2a9ab9f478f83b403f97900ec10c
  custom:scripting/monoscript/fileName/SpriteShapeEditorGUI.cs: e2da0b641e05ea1d2569f2998dc1dc28 -> 69f5b090f453a0ab4280109cdfe40986
  custom:scripting/monoscript/fileName/SpriteShapeEditor.cs: 483561532593a5ae7ff6f8f00ce319ce -> ea72cd3f4e07a37f8468847b9ff7fa11
  custom:CustomObjectIndexerAttribute: 9a22284fe3817be447336de3de66b15e -> 
  custom:scripting/monoscript/fileName/EditorWindowElements.cs: edaa13483608cff8435935031b2c443a -> 9ce8ecd032923251a9603a9fc20f3eee
  custom:scripting/monoscript/fileName/UnityEngineUndo.cs: b39d8435db6a9c2fb09504af779f7fe5 -> eda88729efd9b13a68d012d2c7e10b95
  custom:scripting/monoscript/fileName/DisabledUndo.cs: c63b4bb127c09c1f036ab3e3f2248d5b -> 7eb9268dab9cc3b1a5f170340f95ab05
  custom:scripting/monoscript/fileName/VisibilityToolColumnHeader.cs: d07cc58959f894cb1972a906846f2f66 -> c62a589c7fccbec45bff1d0110045205
  custom:scripting/monoscript/fileName/UnityVersionUtils.cs: 4277bb1c3ec5648185e4feed266a4ec5 -> 7c7bbd6a8e94f8b710e2d728079feb2c
  custom:scripting/monoscript/fileName/TextureImporterUtilities.cs: 449b7fa42deae818d3e148c129468103 -> ff116c84d9f68dd454dcf380d78feec5
  custom:scripting/monoscript/fileName/BaseObject.cs: 66de38dd35f05e78d909660371b124f2 -> 61b055637bff86a4937a2a2a275cc529
  custom:scripting/monoscript/fileName/BoneVisibilityToolInterface.cs: 708b93b9cbcc0cf04457605f4bc0dacc -> 970a56d3df96bf7ffa7bca232f2abd57
  custom:scripting/monoscript/fileName/GUISystem.cs: 6dc0cceea41b9117470c6464d7172973 -> 68af2345918bf72ac5782eb592e7ded0
  custom:scripting/monoscript/fileName/SpriteVisibilityTool.cs: c6d67a79c90ceb03046f3151239555df -> 155babe8b79693e7881d9ff2d7d79388
  custom:scripting/monoscript/fileName/EditorUtilities.cs: 413282974e4051f9ca1b0c7cd097eba0 -> 6ffee066fd3126167714c5bf5642d56a
  custom:scripting/monoscript/fileName/SkeletonController.cs: 1e1dcf69971843448a0cc2cd99e68891 -> ca31d33d6d6e1ca91fd03fe374c28a06
  custom:scripting/monoscript/fileName/AssemblyNameProvider.cs: f63063a40ba042a668ddbcd339fb9332 -> 5210529ddc67cdb852122f447527c528
  custom:scripting/monoscript/fileName/ColorExtensions.cs: 8de9159d9e1b0a6ccd4fa00082602ff9 -> ba195fba6073ee3d24e90642964c8f90
  custom:scripting/monoscript/fileName/EditorPluginInterop.cs: 1a28103090f24bb43afd0997a69f9b48 -> 087796556f1ed2025e28209e52d82ccc
  custom:scripting/monoscript/fileName/RectSelector.cs: a53f96815da50de15010b1c479bc70cf -> 0cdf409b5aa8d4c25876d72b5c6a3b60
  custom:scripting/monoscript/fileName/RectSlider.cs: e1a05022fe03b490ec8e3c75c194b90f -> 69cd9f78bb6e0b8da7f758e5d078685b
  custom:scripting/monoscript/fileName/BoneToolbar.cs: cec133b008cd75d5342752f93513aee1 -> 653737a2a549fbd9919fbef7d1b7c942
  custom:scripting/monoscript/fileName/IKEditorManager.cs: 5b1aec418ce853ffbdfa8ed80d928f4e -> d435c6bd94c4e6aa94fdb00586100af7
  custom:scripting/monoscript/fileName/AndroidLogcatIPWindow.cs: 57866a2bad27db5ff407873e5a41c36a -> a02671136fc3a3988fa841ab10e8dfc6
  custom:scripting/monoscript/fileName/Pipeline.cs: 57072e78cc25aad7c6048a91cf263d23 -> 645e752ea90462666657d1b85a3b7478
  custom:scripting/monoscript/fileName/AnimClipUpgrader.cs: 3850d2eb150e1548f5d2633b9834190f -> 1cde96964025d4dd76b8ffa450cf6e7a
  custom:scripting/monoscript/fileName/MeshTool.cs: fd10b89283c75cb16cddb7db3a76143f -> 252caf688abd35d25e3b6ea6bea72fe0
  custom:scripting/monoscript/fileName/PivotTool.cs: c869711cc0eded886f22f2411127d81c -> b1920ec2112e86dc7dd0063af77eca06
  custom:scripting/monoscript/fileName/ModuleUtility.cs: e63cd96138e27b57224176ec621ccb94 -> da1c3311b540348f11e20d7c9a41cd82
  custom:scripting/monoscript/fileName/NavMeshAssetManager.cs: e08a0378c721f1f25bd22088f2f1c57f -> 79eb4858c2054289cd611249ab36b0a5
  custom:scripting/monoscript/fileName/AssetUpgraderWindow.cs: 56c0a0c5677d2cb3553a643864a71e83 -> 47dde7b007360b43243a5052851476e2
  custom:scripting/monoscript/fileName/AndroidLogcatCallbacks.cs: 37c5b7eb189a875508dd3e9cdc4bd73f -> f595ad8ec0517767a0e2865f51462d67
  custom:scripting/monoscript/fileName/Channel.cs: c38b20401dcd8eafbc1d54af0fa84d01 -> 52a94af846dd3bbe3129e40f2f0290d2
  custom:scripting/monoscript/fileName/Size.cs: f3aea7b8f073e8d61aa466147535edb7 -> af8d4a0b7066902930f915667d4e5070
  custom:scripting/monoscript/fileName/AndroidLogcatReordableListWithReset.cs: abe5d3682d98d7b597cf493f19d90ec2 -> b2ed22ba09750f598db10987b420086e
  custom:scripting/monoscript/fileName/ISelector.cs: 716086397f6fce3cf59561531ac052e5 -> 8f6297df34271fdb1ce2d9607ec6261d
  custom:scripting/monoscript/fileName/SpriteLibrarySourceAssetImporter.cs: b91445d6fbae961da1fea6d22379af35 -> e19ac5ab76f742761c8e99167dd901b1
  custom:scripting/monoscript/fileName/clipper.cs: df09d9acb84c2541cf90f101718bf961 -> 22e13a245d7963b8d93b36b8648c74f6
  custom:scripting/monoscript/fileName/ZipPredict32Image.cs: 73786f9e41c78954170a08081b07f12e -> 704d1b01e77ac434a690b35dc139e93b
  custom:scripting/monoscript/fileName/EditableBoneWeightUtility.cs: e88511487814ac3908d88c2a6465d214 -> ee2e35b9e9098cfd3bf143f7fd1d0806
  custom:scripting/monoscript/fileName/WeightPainterToolWrapper.cs: ba240e089f0df0cc74256157b56d57eb -> 306757894f4ec5f31aab395ffb18c469
  custom:scripting/monoscript/fileName/MeshPreviewBehaviour.cs: 25d2925269fd6959bdffa1b47aa33a2c -> 8129dfee1b516335e2c5843b24d8a460
  custom:scripting/monoscript/fileName/ISelection.cs: 716086397f6fce3cf59561531ac052e5 -> 8f6297df34271fdb1ce2d9607ec6261d
  custom:scripting/monoscript/fileName/IDrawer.cs: ab9666030d8bf464daabb204e95159f5 -> 2a634d16dbce7c36b6b536faa180ad3f
  custom:scripting/monoscript/fileName/HorizontalToggleTools.cs: 8ceb4a94c5662e1ffff9c3261e2d27e7 -> a784dd2987bc13ce1a8aae810f566cdd
  custom:scripting/monoscript/fileName/NavMeshSurfaceEditor.cs: facd6a0c9776c7d71689d1aab9819f46 -> adb1294e971eab992abc2e3e7e051565
  custom:scripting/monoscript/fileName/BoneGizmoToggle.cs: 6080587e8c4b9456dee97160c62d35fc -> bf6dbaced73e2540a06738119da66615
  custom:scripting/monoscript/fileName/DragAndDropData.cs: 231bbe3d1291aa1b5d0ae88e5eb26c9f -> 965ba97858469b82b8d1027a5252919d
  custom:scripting/monoscript/fileName/AndroidLogcatCaptureScreenshot.cs: 93eb61411cd7fadbadf9e4139e5e52e5 -> 3ae68faf67d6f507a08fc742d6728501
  custom:scripting/monoscript/fileName/OutlineGenerator.cs: 4439e95007de3c661f31a16e9cb1329f -> fde82b4a367887ed8e11cc2f52e73eee
  custom:scripting/monoscript/fileName/DrawingUtility.cs: e4ed8960ccdbe2787cb37fbf0365dc08 -> 72f7a98acd7422d1a180fb596589761e
  custom:scripting/monoscript/fileName/ICircleSelector.cs: 8f6297df34271fdb1ce2d9607ec6261d -> 90647cc400823b41df847a6cbfc29026
  custom:container-demuxer-webm: 4f35f7cbe854078d1ac9338744f61a02 -> 
  custom:scripting/monoscript/fileName/ImagePacker.cs: 1bbdc7dc86e7d484ac9683fd61833e2e -> 8489de3f12d40a6ff1049c95864a0fdb
  custom:scripting/monoscript/fileName/MeshVisibilityTool.cs: 4414cad1f14a652f8783bcac789fb70d -> 64848d919efcdce67ee1009ea753e5e9
  custom:scripting/monoscript/fileName/ITransformSelection.cs: 8f6297df34271fdb1ce2d9607ec6261d -> 90647cc400823b41df847a6cbfc29026
  custom:scripting/monoscript/fileName/IAnimationPreviewable.cs: dde40f9433e41b7638241bad33a97284 -> a11f57a904cdd8a077d8809d9322ef9d
  custom:scripting/monoscript/fileName/NavMeshModifierVolume.cs: 6bd7a278588de5bdfc0e671df1a878df -> 8dc531216c72b86c60b86e16ff3da10b
  custom:scripting/monoscript/fileName/NavMeshUpdaterUtility.cs: 8ab501a5bf03f031c19b40f7668c1641 -> 5eb03802e6dba19b3e13aaf384805cac
  custom:scripting/monoscript/fileName/ImageResource.cs: a2df8a769fa057ba24b1535a8631ed94 -> c388b0da502bd60dedbd06b60e9ef36a
  custom:scripting/monoscript/fileName/RiderScriptEditorData.cs: ac763da56c18afcbbc99b7cf67651110 -> fb9aed0c9d95878995d450a00d549f78
  custom:scripting/monoscript/fileName/CircleVertexSelector.cs: 2325b4a815236a7a90c384c691ba9a32 -> 1b9f94ca3d566c7a9158c28d1521e55e
  custom:scripting/monoscript/fileName/SkeletonView.cs: 3705047cf414502341d259471df35dfa -> cdd7137caca9f146bcfd2db973906bf1
  custom:scripting/monoscript/fileName/IUndo.cs: 5eff4488614bce92d6be71b3dbc0ec46 -> 957f1210b66789e77c21bbb70ea84f1d
  custom:scripting/monoscript/fileName/BoneTreeViewModel.cs: a73a82ea206d4cd624743e31d765b0b2 -> d4d79ed9b325d86d1ece55e76fe54c81
  custom:scripting/monoscript/fileName/WindowEvents.cs: c84103ae4b678b959b1f7554fb4f5065 -> dbcb7f1f66aa7c01d625c0fe2361f993
  custom:scripting/monoscript/fileName/PSDLayerMappingStrategy.cs: b80fee89199c5208ed2dd216567ae88c -> 7fedcc3c79bac5b2629bfd353256f4ea
  custom:scripting/monoscript/fileName/RunItemContext.cs: 1e36b1658d4c907e69f001bef01231f6 -> 338b2243183036c2b60f94c1b5e817c5
  custom:scripting/monoscript/fileName/Mesh.cs: 2e92e094d664eec10ddb162b6eae056f -> 8978c0ab6cf016e525528c9d7bb5ce0e
  custom:scripting/monoscript/fileName/Solver2DMenuAttribute.cs: 634761f67cfa7023e6789ea83c9d13e3 -> 91218ff23ff0a6547b47e643f5ec48f1
  custom:scripting/monoscript/fileName/AndroidLogcatQueryLayout.cs: 8a7f7ba9d5b49b6f24a6326f9c3ff6dd -> 420c7e27bade5e9cdc924205b027a7af
  custom:scripting/monoscript/fileName/SyncTestRunCallback.cs: 6109fbb45740725119ed9609ae2cb6ab -> 0f406f4b09f3b7bd1bfd8f867df2e978
  custom:scripting/monoscript/fileName/Brush.cs: d836d448d6938eac9f306e39448c2c9d -> c60090860979e1f8d7aca7972e17c72c
  custom:scripting/monoscript/fileName/WeightPainterTool.cs: 01f3a3582ba37abdecea24d1b7d97f03 -> ae0370720ee56854bcadfe79a4e6184e
  custom:scripting/monoscript/fileName/AndroidLogcatColumnData.cs: 8dd1f35f3b07d077f145a3b7cbfdf6c1 -> 63fdeefc8412eb62a759e3e450e3cb07
  custom:scripting/monoscript/fileName/CallbackInitializer.cs: d227e453fc55ff33477a0f8f90826257 -> b6cad195ed4890ee7aed8c4de2807157
  custom:scripting/monoscript/fileName/VisibilityToolBase.cs: b52757425c69f6faed06b4802f6323c4 -> 5627c44d018820327284d6f5ea1b9a77
  custom:scripting/monoscript/fileName/ImportColumnHeaderToggle.cs: bd4d1e263465083a72578231a3fa8b0e -> 58d2e3c027b6b9aed309d719cd2eaa73
  custom:scripting/monoscript/fileName/LayerId.cs: bb8355bc88db2e363449ed006e927640 -> 4b328f1a9eb59ba3237c245dda24e982
  custom:scripting/monoscript/fileName/UTess.cs: 409a6c158804590196d73d88c6ca3c75 -> 51da8e15ab7d786ba3646ac01bf263e5
  custom:scripting/monoscript/fileName/Solver2DEditor.cs: 6ba9ed1073fa8cf97bd61cd4257854c8 -> c933c9b6440fef439e3d26f0d75ac38d
  custom:scripting/monoscript/fileName/NavigationPreferences.cs: 0363b64d3a7a7e0cf24ac21ff2a55693 -> ada9399a4f085d4c824cc06527e7fcae
  custom:scripting/monoscript/fileName/RiderTestRunner.cs: a09449e7603772ef60589c92d46be0c3 -> b9ea3ff0565ae2955ea8f15dd6e578d4
  custom:scripting/monoscript/fileName/SpriteSelectionWidget.cs: 81884b8af3faef27cd3f4599032c9558 -> 00184e4f51a68f5d84f52666735e488e
  custom:scripting/monoscript/fileName/PSDImportPostProcessor.cs: 37b2904fd92e3fc3f5d2366b5cc1e2da -> fc9a00a47eee48be2e44d12218f552fd
  custom:scripting/monoscript/fileName/SkeletonToolWrapper.cs: b848ef925654ad89a2c4b2177efcc1b3 -> 542326f9a2e4d6b3171e2a0e7522f4c9
  custom:scripting/monoscript/fileName/IndexedSelection.cs: b5df59f2a36f527f7974e96430103ca5 -> c29448e037592c0c15567d83c28e53a9
  custom:scripting/monoscript/fileName/AndroidLogcatFastListView.cs: aa5e319941537f85dca707072958dfae -> 874c9f3e72a54fdb066dc3538d34f127
  custom:scripting/monoscript/fileName/SpriteLibraryUtility.cs: 414ecfd6a067cdf12d28b30464caa207 -> 46f28a8d1abeef1660df183692b89093
  custom:scripting/monoscript/fileName/SyncTestRunEventsHandler.cs: a9e2807330a6f2c36d667ee1a2c4f414 -> 9ebe337aca2d71ac02fccc5c886e0668
  custom:scripting/monoscript/fileName/RleReader.cs: 119dca2ff83d1103d817b7ac0c82fd57 -> 85b76e95d949f73b21f05a4b9e0d58c0
  custom:scripting/monoscript/fileName/SkeletonToolView.cs: 5005623bdfd83b058e7fed6c081302ab -> f312973f855fefb2a5e31f597b00a0ca
  custom:scripting/monoscript/fileName/IShape.cs: 52f3a502624437fd420c20c946340ed8 -> c6386f980f0fbf4a43ca98866763d51a
  custom:scripting/monoscript/fileName/DropdownMenu.cs: bcb116bd7e3c70b3b4e23f03c8e23d5e -> 1d276c86781b11c89ed976c23c87fefe
  custom:scripting/monoscript/fileName/CopyTool.cs: ca795005c4f891002e4e55df69581c84 -> 27520b0c3da84f7bb691323846bcbd77
  custom:scripting/monoscript/fileName/AndroidLogcatMemoryViewer.cs: 8e87f08d7f562ad0393fb2b64655fa34 -> d1b48d05cc68b5cabad5b8760e23fc2d
  custom:scripting/monoscript/fileName/LoadContext.cs: 90c75abef050c48d63d00cfdf511ef02 -> 08a38227396add7d26875ab4914706c7
  custom:scripting/monoscript/fileName/RigToolbar.cs: 7482658397fe88999a5fde4a16f4e98d -> 411358637244f20c9d61d110c817f6aa
  custom:scripting/monoscript/fileName/SpriteLibraryDataProvider.cs: 1fe23bbf533a289d6e10068c64e8a012 -> 13f6768f343c070b4d6b7db688d0f592
  custom:scripting/monoscript/fileName/SpriteLibCombineCache.cs: 8069fdd0eb3ba7bb1ddc2ff9f4dfa34b -> 6bda9b835d479f609b42c7cc735b54e8
  custom:scripting/monoscript/fileName/SpriteLibraryEditorWindow.cs: fcf8510cf2b88c770cc33dc9bdb47198 -> 299acb092cf22a363b64960811b3d05e
  custom:scripting/monoscript/fileName/SpriteResolverInspector.cs: 08ba654959cb8aa613172f70c77287eb -> 39fe5d28107078150aeaf686fccb19ad
  custom:scripting/monoscript/fileName/TransformCache.cs: 7cfda50047c3092f18b08f78985a7ea3 -> 494b143eeb92157110d3af9fbda3f97f
  custom:scripting/monoscript/fileName/LayoutData.cs: eb648157e2e9b4c72fa22bb91408dfe2 -> fdb2acd96d1c94365b90db1beafbffab
  custom:scripting/monoscript/fileName/StringUtils.cs: 200f5307597eeab8c00b86aef1ee800c -> 2be5fb51e6f0660c955416f4d8f6f7ad
  custom:scripting/monoscript/fileName/SpriteShapeAnalytics.cs: 51297ab35d495887c6221d34a5b435ee -> d9016fc5476c11c74e9fdcbb9eba1cb0
  custom:scripting/monoscript/fileName/Analytics.cs: 2d7604efd87648b50a8a0801382d6d36 -> 297635cd01f4105d8096e515fc903134
  custom:scripting/monoscript/fileName/PoseToolbar.cs: c44f282755056ba784e6c8753be809f2 -> c19c90984ad155d09defee93905e2273
  custom:scripting/monoscript/fileName/AndroidLogcatSettingsProvider.cs: 982935ba34c9d2a93a49c47ab7d67a9a -> d003d16e9b268af6fb231c20780fd686
  custom:scripting/monoscript/fileName/CommandAction.cs: c9c9c06dd8fbd3e849be3007b7950665 -> 530dc47cd5fa844cd7c963801dcb2b07
  custom:audio-encoder-webm-vorbis: bf7c407c2cedff20999df2af8eb42d56 -> 
  custom:scripting/monoscript/fileName/Paths.cs: e4bc0d8b7fecc2bbdc4534a26b28f253 -> f07d7c71ab2237634291133cb4a6191b
  custom:scripting/monoscript/fileName/Sweep.cs: 1f72cd74ed0539a36d9ff0b6c83f25f9 -> 4c4607ddad5bf0065b1b367dcdda1267
  custom:scripting/monoscript/fileName/WeightEditor.cs: 9e1d9b8abcebc2772ba5b87a11fffd9e -> d0f2a6f717792282592ef879a3fba0ad
  custom:scripting/monoscript/fileName/SpriteLibUpgrader.cs: 2dc9b491118bcdf3ac746e4ba09e05e6 -> 1e2eaa8189d7773a167d860436f80adb
  custom:scripting/monoscript/fileName/SpriteSkinComposite.cs: fd6e5fbd55596cd3fb173fed55906ea7 -> 65c77a467c12dddcc9d7172aecbf0d0c
  custom:scripting/monoscript/fileName/ResolutionInfo.cs: 84a0cafe733288c8e000b1efeb85b176 -> 8ed7961c9d07ad05e5a38be99fed4d0f
  custom:scripting/monoscript/fileName/PriorityHeap.cs: b433bdf4e6b545c2a67135254b26d6a7 -> 564cfa0fe686526a17a840e93cad3423
  custom:scripting/monoscript/fileName/SpriteLibrarySourceAssetPropertyString.cs: ab9f90e6b8b1ddf9ac5ce9f0f4ea78ee -> 076496dca079b30dc4f088298d540318
  custom:scripting/monoscript/fileName/RenamableCollections.cs: bbe81f5185bcb12e15448322ab2d8453 -> 8df38df38ed1a97cb904fe1c77a1b1e9
  custom:scripting/monoscript/fileName/NavMeshUpdaterEditor.cs: 50121c23ec79e7ac6c70dd99f719297f -> 169704080eda430978bba61ddedeb304
  custom:scripting/monoscript/fileName/EditableBoneWeight.cs: dd2bc7d3ad84c476b6268c3506a157f5 -> 3e0122998b0ac29ddbfe59fd4c0dd827
  custom:scripting/monoscript/fileName/SpriteShapeHandleUtility.cs: 905d79aa28d902f9605385a5ac73c2eb -> 919854ccbc226e6cf28d1885562e64c0
  custom:scripting/monoscript/fileName/AlphaChannelNames.cs: bb1aff2c727eccb282dd7e45aa8048fe -> 348bb2b145918bc7e253b46d24c0b986
  custom:scripting/monoscript/fileName/AndroidLogcatTaskInput.cs: d4284ed8d0a2c1cb15342e82189204bf -> 991a74fe3e79b5af5cabd7b947bba382
  custom:scripting/monoscript/fileName/AndroidLogcatStatusBar.cs: f5006dcf5139ff3029715c69907202ac -> 7fbbcdd95b9ebefd0680bbce3a787931
  custom:scripting/monoscript/fileName/AndroidLogcatSessionSettings.cs: 25f32c40184f6d7c8bca90a86387c983 -> 646507e30c255f1bc5a1945e35e5bc1c
  custom:scripting/monoscript/fileName/PSDImporterEditor.cs: 9cbfd569c7f24ea80305420265a1d011 -> 7b3ee52ca82b9811981a47c23dbd8a3c
  custom:scripting/monoscript/fileName/IKUtility.cs: 8dcbe20f3fd7e8e95846e96f5509be70 -> b96ce64c0815759fe95d76a35ad9c735
  custom:scripting/monoscript/fileName/IOutlineGenerator.cs: f841572ca54a890210eb41af5e058b3b -> d479448ebdca64d29937d0319d5dc568
  custom:scripting/monoscript/fileName/FABRIK2D.cs: f71e89c130d3338dbaae431d5a6f1897 -> 846d926e43e7ca5a5128e61534d6c17b
  custom:scripting/monoscript/fileName/Polygon.cs: 0fe985f083e2cb2e2596cd96f1e04bb6 -> 074eefc3142862da475643e41c179080
  custom:scripting/monoscript/fileName/PluginSettings.cs: 727424108b6598a2387dd87fa5ed687f -> 4ee82f9c59f87f1dece05e6b9763c365
  custom:scripting/monoscript/fileName/GenericScriptablePathInspector.cs: 8f6297df34271fdb1ce2d9607ec6261d -> 90647cc400823b41df847a6cbfc29026
  custom:scripting/monoscript/fileName/RleWriter.cs: f70dec2658deed1c54bc1a5b8cb89172 -> f0f2811df2195b6cb1cb7f7de5af8c73
  custom:scripting/monoscript/fileName/SpriteLibraryAsset.cs: 7fa2858e271088d32dab3573de819f87 -> edfdd91c871fba231962305737d83db9
  custom:scripting/monoscript/fileName/DocumentLoadContext.cs: 1f00ad8deb81f545eb7e925180ae1679 -> 21421613f7cbbf0339a7c37634534f4c
  custom:scripting/monoscript/fileName/CCDSolver2DEditor.cs: abde159050e51eb6b9c24ac2b0aebfbd -> 2f6e31a13017c2b5b6df228c01edec55
  custom:scripting/monoscript/fileName/SceneDragAndDrop.cs: 9eed6b5ce4e583065f346bdc78705316 -> adfcde275bde867b03b4426d9f27b60c
  custom:scripting/monoscript/fileName/StringBuilderExtensions.cs: ce23927f3c011b62498875f4f9a60a9a -> 14a3bca92eed52569c50d58813f48a9b
  custom:scripting/monoscript/fileName/Tessellator.cs: f9227639eb03c7da68b25938142b7959 -> ca4c643f2dbf7fc5bc482d872035ab7a
  custom:scripting/monoscript/fileName/AndroidLogcatTagInformation.cs: 38c3999cec577ff8fe687709428dca5e -> a627b0c35fc6403a9b031d191707e16b
  custom:scripting/monoscript/fileName/SkeletonCacheExtensions.cs: ca53e62a2924788a43a5ae4caa54c066 -> 2db179e67316748b88290c90f530ec52
  custom:scripting/monoscript/fileName/SpriteSkin.cs: 12421797ddf1f3ae4d1be524b1f8ac93 -> 6453a74557edd127f64fcf0a46dc90a8
  custom:scripting/monoscript/fileName/SpriteSkinUpdateHelper.cs: 58e7de54ef3d05476be5db4c9fcddd79 -> 9e21cd83f101034b2d858f945969bdfe
  custom:scripting/monoscript/fileName/IGenerator.cs: e53c624814a84a932e0860f584f7deb9 -> 7460422a7cf0a449df86606b185ffb0e
  custom:scripting/monoscript/fileName/VisibilityToolResizer.cs: 36259e2d43db654346e802e65c3ef33b -> efae9472a98397e3f5d2759e91e80e93
  custom:scripting/monoscript/fileName/Control.cs: 85fc985677b1a1353957fd01cc882951 -> 26262bc3727cb22f16c3b1fe8a4a461c
  custom:scripting/monoscript/fileName/PastePanel.cs: e09c6ab035339508b0b3bfabf14b8ecb -> ff8e162db567f7872324ae6749ae5e35
  custom:scripting/monoscript/fileName/ICacheUndo.cs: 2e01726436f8435d0cc46207614a4216 -> 78a4f2bb9c2201505a5701addaf7eb87
  custom:scripting/monoscript/fileName/Triangulator.cs: aa0438989c07335e4f6555858f91fbf7 -> d867a9a7a8385ef82ff357feb70c59d4
  custom:scripting/monoscript/fileName/IAssemblyNameProvider.cs: de79d586ca221e8ac344be669ec25f7e -> 005dc9d9c07dc825fea94e0fbc841e20
  custom:scripting/monoscript/fileName/UpgradeLogWriter.cs: c156e34e285382a891425b3faddb2ab1 -> 508d2930dc69fc71f9982afd961bbc7d
  custom:scripting/monoscript/fileName/UserSettings.cs: eddb0966a0e2d6be4c2076738123b239 -> 2b40d3e431ef945374284803cf2cf687
  custom:scripting/monoscript/fileName/AndroidLogcatTags.cs: 3237a4fa4f7a361b53a58324ed86091b -> 3c14027d9d0ad38a2b377872551d9b6d
  custom:scripting/monoscript/fileName/SkinningSerializerXML.cs: cd33c6657ce74ce9fb6994e6b1f685f1 -> 820fdb0449653e7420432342536fe8dd
  custom:scripting/monoscript/fileName/ImagePackNode.cs: 2495e8f5c3555141a18c7764d1775a0a -> c44db57fda1a74c37f95719eac980615
  custom:scripting/monoscript/fileName/Array.cs: a53f96815da50de15010b1c479bc70cf -> 0cdf409b5aa8d4c25876d72b5c6a3b60
  custom:scripting/monoscript/fileName/LibcNativeInterop.cs: c73f097a3ef89ebf41e7633fc6e71aff -> 77c1db6bef2e1063dc874463b520ed18
  custom:scripting/monoscript/fileName/CallbackData.cs: 244f50edb9a06e595eeca45abc022db5 -> b15b13425eedd78fb5c4fc4930a9e8b4
  custom:scripting/monoscript/fileName/ScrollableToolbar.cs: ed2b9a699dda054930e4595ef3f0d22e -> d955a2e96b7b6c5eefbe4c4ec5b375cf
  custom:scripting/monoscript/fileName/CCD2D.cs: 0a25ac61cf9da2f11f220d3b5a168cc8 -> 306cc7a951a99c971d965c3f8d050c6f
  custom:scripting/monoscript/fileName/SpritePostProcess.cs: aca48beafd4fef4ee3c765c28a7233dd -> d460bd320088522a0b893829aff5b647
  custom:scripting/monoscript/fileName/AndroidLogcatActivityManager.cs: 0b6b3452ff3648a6d51f44e9e92ddb59 -> dffa3c9afcb20f5aa140cf4969503772
  custom:scripting/monoscript/fileName/SystemConvertersEditor.cs: b157cb077fe6af3401a860fcac0dab41 -> c127c1335f24b77ca70195bf2136c6a2
  custom:scripting/monoscript/fileName/GUIDProvider.cs: 27f6b36734be7c6510b3f0cc4a697fc7 -> cdd3f47e4fe593d2dfdf9915fa537e3f
  custom:scripting/monoscript/fileName/SelectionTool.cs: 9b9b2cd92f62a66ace9ab49562a06745 -> 0053295a81820358aa7094264fed6bcc
  custom:scripting/monoscript/fileName/TextureGeneratorHelper.cs: c81940b0e71875c514e046ab395888b6 -> 4dc23dbca898d0970c890f75cbdcc8fb
  custom:scripting/monoscript/fileName/InspectorUtils.cs: a28188625aa61d8d2ce523cf5f7366c5 -> d64223f50dfed162253158ddc3fb1f50
  custom:scripting/monoscript/fileName/PathComponentEditor.cs: a53f96815da50de15010b1c479bc70cf -> 0cdf409b5aa8d4c25876d72b5c6a3b60
  custom:scripting/monoscript/fileName/PsdBlendMode.cs: 0d6ddecb75cebde41fb8ccf116b3ca50 -> ef213d8d2f3148a0166838f019068671
  custom:scripting/monoscript/fileName/BoneCache.cs: 8abab181c5ee9edf772e44ceedb2f140 -> da0c80b1a74589bbdea69d6cf4ed736a
  custom:scripting/monoscript/fileName/SpriteLibrarySourceAsset.cs: 20d55901eee325d05fb40e440bce2c9c -> a02367038ae9af07495d932cfb0a888e
  custom:scripting/monoscript/fileName/Slider2D.cs: 2c2a40f69fe3bbd03e8e4f33a24c827d -> beb4df5f355a5eb3eb564a2ef215734f
  custom:scripting/monoscript/fileName/SkeletonTool.cs: ca9910ebc7cc87ff1728c9fee07ef087 -> 97664cfbe5d00849e390803bf39156f7
  custom:scripting/monoscript/fileName/AndroidLogcatMessagesViews.cs: 34c6ff9cf0aa0d720e612550af5c5d26 -> 849ed7f5b11c9db237ef61b01c5a5104
  custom:scripting/monoscript/fileName/SpriteLibraryInspector.cs: e489d9e0fdb32b80b5a47d2c80859e0d -> d77f3a8db8899498f80b25979b491ee0
  custom:scripting/monoscript/fileName/Shell.cs: 55aa35c7347bcdd9bf60b882c4a91162 -> d6673e1ce2be2c2665d6f69fcf67ab6f
  custom:scripting/monoscript/fileName/NavMeshModifierEditor.cs: 64d96048d1ecb52c13f79fe460520c53 -> b8675d28116f43f78881455a7301fe8c
  custom:scripting/monoscript/fileName/SpriteLibrarySourceAssetImporterInspector.cs: 3ef864325075ca5bf949009ee1ace81f -> 5354d66b24dc3b8ec2006b8f20b7a529
  custom:scripting/monoscript/fileName/AndroidLogcatLayoutViewerWindow.cs: f41e91ea237255c3b3f064f564fea52b -> 191fd695f278ad4fe8317a7fda555af5
  custom:container-muxer-webm: aa71ff27fc2769a1b78a27578f13a17b -> 
  custom:scripting/monoscript/fileName/PSDLayer.cs: ab3e46515915afce1f0b5b9fd63491d0 -> 77467c44ee03b7d69b8685e9ca355992
  custom:scripting/monoscript/fileName/AssociateBonesScope.cs: c7e10d0e956417f2171d35c45d0c1299 -> e334b88eeffacbd35c4d7456a3146637
  custom:scripting/monoscript/fileName/UndoScope.cs: 8e70e2ffd98f65df8c53fe38fdf8f0af -> 4d8db65ab7fc3ead71d92653b61980bb
  custom:scripting/monoscript/fileName/SpriteShapeEditorTool.cs: 0b4b34861b60448f5e9a761c09cd3508 -> 58a99bb5d769026b33f9742cc78b56c8
  custom:scripting/monoscript/fileName/IEditablePath.cs: 5414173ba9a4f9a63b098f6fcc64bb4e -> 28f71f7ed9f029a45083c497d0ae39e9
  custom:scripting/monoscript/fileName/WeightInspector.cs: 8714b8a4908fd6b3aa30e51c12d2e643 -> 8a7f36568a925760c7e759a2eceeec87
  custom:scripting/monoscript/fileName/BoneWeightExtensions.cs: 35971ea318783f64f03a867be6a59253 -> 0fa3c2650d61e137b04754704557b348
  custom:scripting/monoscript/fileName/ImagePackerDebugEditor.cs: cdd6b5134f1d68a48da20aae732a14d5 -> 19de8d8c293e99550812526869b918f0
  custom:scripting/monoscript/fileName/AngleRangeGUI.cs: 6f1f826f5f9c23b19878958a15430da7 -> a141df5349106b2ecb2c5ef5e52d00a7
  custom:scripting/monoscript/fileName/RectBoneSelector.cs: 20f418efedeae20a0effba07a60b2161 -> 826b570c00ca5bf7e24ac0648689fcea
  custom:scripting/monoscript/fileName/LayerInfo.cs: 8cbff5d6d0b3976ef7834bfa14abfe79 -> 1f56bb594fb1fdfeb4ad5b7b73f85889
  custom:scripting/monoscript/fileName/IGUIDGenerator.cs: 153317bb7bf55f081a729ef02e3a13bd -> bad2c2e3b2dbec33c36bdfd6fc903e19
  custom:scripting/monoscript/fileName/ISpriteLibraryLabel.cs: 7ad86761ef6a7d8952604ee848b180a5 -> 8213e7b67db1adde00860bcd48257c16
Editor requested this worker to shutdown with reason: Scaling down because of idle timeout
TcpMessagingSession - receive error: operation aborted. errorcode: 995, details: The I/O operation has been aborted because of either a thread exit or an application request.
AssetImportWorker is now disconnected from the server
Process exiting
Exiting without the bug reporter. Application will terminate with return code 0